#
# An unexpected error has been detected by Java Runtime Environment:
#
#  Internal Error (safepoint.cpp:240), pid=14883, tid=1089325392
#  Error: guarantee(PageArmed == 0,"invariant")
#
# Java VM: Java HotSpot(TM) 64-Bit Server VM (11.2-b01 mixed mode linux-amd64)
# If you would like to submit a bug report, please visit:
#   http://java.sun.com/webapps/bugreport/crash.jsp
#

---------------  T H R E A D  ---------------

Current thread (0x00007f151816cc00):  VMThread [stack: 0x0000000040ddc000,0x0000000040edd000] [id=14944]

Stack: [0x0000000040ddc000,0x0000000040edd000],  sp=0x0000000040edbab0,  free space=1022k
Native frames: (J=compiled Java code, j=interpreted, Vv=VM code, C=native code)
V  [libjvm.so+0x5fc16f]
V  [libjvm.so+0x26e056]
V  [libjvm.so+0x546cbd]
V  [libjvm.so+0x6094c8]
V  [libjvm.so+0x608fce]
V  [libjvm.so+0x4e310a]

VM_Operation (0x00000000443780c0): ParallelGCFailedAllocation, mode: safepoint, requested by thread 0x0000000000e9ac00


---------------  P R O C E S S  ---------------

Java Threads: ( => current thread )
  0x00000000014b0000 JavaThread "FelixPackageAdmin" daemon [_thread_blocked, id=14978, stack(0x0000000045182000,0x0000000045283000)]
  0x000000000154d000 JavaThread "FelixStartLevel" daemon [_thread_blocked, id=14977, stack(0x0000000045081000,0x0000000045182000)]
  0x0000000001516c00 JavaThread "FelixDispatchQueue" daemon [_thread_blocked, id=14976, stack(0x0000000044f80000,0x0000000045081000)]
  0x00007f151907cc00 JavaThread "Timer-1" [_thread_blocked, id=14972, stack(0x0000000040890000,0x0000000040991000)]
  0x0000000000f8bc00 JavaThread "TimerQueue" daemon [_thread_blocked, id=14958, stack(0x0000000040146000,0x0000000040247000)]
  0x00007f1518272000 JavaThread "AWT-EventQueue-0" [_thread_blocked, id=14957, stack(0x0000000040045000,0x0000000040146000)]
  0x00007f1518276400 JavaThread "AWT-Shutdown" [_thread_blocked, id=14956, stack(0x000000004447b000,0x000000004457c000)]
  0x0000000000e9ac00 JavaThread "AWT-XAWT" daemon [_thread_blocked, id=14954, stack(0x0000000044279000,0x000000004437a000)]
  0x0000000000e68800 JavaThread "Java2D Disposer" daemon [_thread_blocked, id=14953, stack(0x0000000044178000,0x0000000044279000)]
  0x00007f1518217800 JavaThread "Timer-0" [_thread_blocked, id=14952, stack(0x0000000044077000,0x0000000044178000)]
  0x00000000008fc000 JavaThread "JMI Unnamed Thread" [_thread_in_native, id=14937, stack(0x0000000042672000,0x0000000042e73000)]
  0x00000000007cd000 JavaThread "Low Memory Detector" daemon [_thread_blocked, id=14950, stack(0x0000000041b76000,0x0000000041c77000)]
  0x00000000007ca400 JavaThread "CompilerThread1" daemon [_thread_blocked, id=14949, stack(0x0000000040c9f000,0x0000000040da0000)]
  0x00000000007c6400 JavaThread "CompilerThread0" daemon [_thread_blocked, id=14948, stack(0x0000000041a75000,0x0000000041b76000)]
  0x00000000007c4800 JavaThread "Attach Listener" daemon [_thread_blocked, id=14947, stack(0x0000000043f76000,0x0000000044077000)]
  0x00007f1518176c00 JavaThread "Finalizer" daemon [_thread_blocked, id=14946, stack(0x0000000040edd000,0x0000000040fde000)]
  0x00007f1518175000 JavaThread "Reference Handler" daemon [_thread_blocked, id=14945, stack(0x0000000041974000,0x0000000041a75000)]
  0x00007f151800bc00 JavaThread "main" [_thread_in_native, id=14936, stack(0x0000000041e71000,0x0000000042672000)]

Other Threads:
=>0x00007f151816cc00 VMThread [stack: 0x0000000040ddc000,0x0000000040edd000] [id=14944]
  0x0000000000814000 WatcherThread [stack: 0x0000000041c77000,0x0000000041d78000] [id=14951]

VM state:synchronizing (normal execution)

VM Mutex/Monitor currently owned by a thread:  ([mutex/lock_event])
[0x00007f151800a950] UNKNOWN - owner thread: 0x00007f151816cc00
[0x00007f151800aa70] UNKNOWN - owner thread: 0x00007f151816cc00
[0x00007f151800b010] UNKNOWN - owner thread: 0x0000000000e9ac00

Heap
 PSYoungGen      total 21888K, used 12008K [0x00007f1513000000, 0x00007f1515000000, 0x00007f1515000000)
  eden space 11008K, 100% used [0x00007f1513000000,0x00007f1513ac0000,0x00007f1513ac0000)
  from space 10880K, 9% used [0x00007f1514560000,0x00007f151465a018,0x00007f1515000000)
  to   space 10880K, 0% used [0x00007f1513ac0000,0x00007f1513ac0000,0x00007f1514560000)
 PSOldGen        total 49152K, used 30272K [0x00007f150d000000, 0x00007f1510000000, 0x00007f1513000000)
  object space 49152K, 61% used [0x00007f150d000000,0x00007f150ed903b0,0x00007f1510000000)
 PSPermGen       total 43520K, used 43446K [0x00007f1505000000, 0x00007f1507a80000, 0x00007f150d000000)
  object space 43520K, 99% used [0x00007f1505000000,0x00007f1507a6da98,0x00007f1507a80000)

Dynamic libraries:
00400000-00403000 r-xp 00000000 08:03 753263                             /usr/local/matlab_R2010a/bin/glnxa64/MATLAB
00602000-00603000 rw-p 00002000 08:03 753263                             /usr/local/matlab_R2010a/bin/glnxa64/MATLAB
00603000-00631000 rw-p 00603000 00:00 0 
00631000-00632000 rwxp 00631000 00:00 0 
00632000-007ff000 rw-p 00632000 00:00 0 
007ff000-00800000 rwxp 007ff000 00:00 0 
00800000-0081b000 rw-p 00800000 00:00 0 
0081b000-0081e000 rwxp 0081b000 00:00 0 
0081e000-008b7000 rw-p 0081e000 00:00 0 
008b7000-008b8000 rwxp 008b7000 00:00 0 
008b8000-00e2a000 rw-p 008b8000 00:00 0 
00e2a000-00e2b000 rwxp 00e2a000 00:00 0 
00e2b000-013bc000 rw-p 00e2b000 00:00 0 
013bc000-013bd000 rwxp 013bc000 00:00 0 
013bd000-013c1000 rw-p 013bd000 00:00 0 
013c1000-013c3000 rwxp 013c1000 00:00 0 
013c3000-013cd000 rw-p 013c3000 00:00 0 
013cd000-013ce000 rwxp 013cd000 00:00 0 
013ce000-013e3000 rw-p 013ce000 00:00 0 
013e3000-013e4000 rwxp 013e3000 00:00 0 
013e4000-01423000 rw-p 013e4000 00:00 0 
01423000-01424000 rwxp 01423000 00:00 0 
01424000-014c0000 rw-p 01424000 00:00 0 
014c0000-014c1000 rwxp 014c0000 00:00 0 
014c1000-014c9000 rw-p 014c1000 00:00 0 
014c9000-014ca000 rwxp 014c9000 00:00 0 
014ca000-0169f000 rw-p 014ca000 00:00 0 
0169f000-016a0000 rwxp 0169f000 00:00 0 
016a0000-016a3000 rw-p 016a0000 00:00 0 
016a3000-016a4000 rwxp 016a3000 00:00 0 
016a4000-016a5000 rw-p 016a4000 00:00 0 
016a5000-016a6000 rwxp 016a5000 00:00 0 
016a6000-016b6000 rw-p 016a6000 00:00 0 
016b6000-016b7000 rwxp 016b6000 00:00 0 
016b7000-016df000 rw-p 016b7000 00:00 0 
016df000-016e0000 rwxp 016df000 00:00 0 
016e0000-01757000 rw-p 016e0000 00:00 0 
01757000-01758000 rwxp 01757000 00:00 0 
01758000-01793000 rw-p 01758000 00:00 0 
01793000-01794000 rwxp 01793000 00:00 0 
01794000-01795000 rw-p 01794000 00:00 0 
01795000-01799000 rwxp 01795000 00:00 0 
01799000-017a6000 rw-p 01799000 00:00 0 
017a6000-017a7000 rwxp 017a6000 00:00 0 
017a7000-017ab000 rw-p 017a7000 00:00 0 
017ab000-017ac000 rwxp 017ab000 00:00 0 
017ac000-017b8000 rw-p 017ac000 00:00 0 
017b8000-017b9000 rwxp 017b8000 00:00 0 
017b9000-017fd000 rw-p 017b9000 00:00 0 
017fd000-017fe000 rwxp 017fd000 00:00 0 
017fe000-018cc000 rw-p 017fe000 00:00 0 
018cc000-018cd000 rwxp 018cc000 00:00 0 
018cd000-018cf000 rw-p 018cd000 00:00 0 
018cf000-018d1000 rwxp 018cf000 00:00 0 
018d1000-018e7000 rw-p 018d1000 00:00 0 
018e7000-018eb000 rwxp 018e7000 00:00 0 
018eb000-01a14000 rw-p 018eb000 00:00 0 
40045000-40048000 ---p 40045000 00:00 0 
40048000-40146000 rwxp 40048000 00:00 0 
40146000-40149000 ---p 40146000 00:00 0 
40149000-40247000 rwxp 40149000 00:00 0 
40247000-40248000 ---p 40247000 00:00 0 
40248000-40648000 rwxp 40248000 00:00 0 
40890000-40893000 ---p 40890000 00:00 0 
40893000-40991000 rwxp 40893000 00:00 0 
409ac000-409ad000 ---p 409ac000 00:00 0 
409ad000-40aad000 rwxp 409ad000 00:00 0 
40b9e000-40b9f000 ---p 40b9e000 00:00 0 
40b9f000-40c9f000 rwxp 40b9f000 00:00 0 
40c9f000-40ca2000 ---p 40c9f000 00:00 0 
40ca2000-40da0000 rwxp 40ca2000 00:00 0 
40ddc000-40ddd000 ---p 40ddc000 00:00 0 
40ddd000-40edd000 rwxp 40ddd000 00:00 0 
40edd000-40ee0000 ---p 40edd000 00:00 0 
40ee0000-40fde000 rwxp 40ee0000 00:00 0 
41072000-41073000 ---p 41072000 00:00 0 
41073000-41873000 rwxp 41073000 00:00 0 
41873000-41874000 ---p 41873000 00:00 0 
41874000-41974000 rwxp 41874000 00:00 0 
41974000-41977000 ---p 41974000 00:00 0 
41977000-41a75000 rwxp 41977000 00:00 0 
41a75000-41a78000 ---p 41a75000 00:00 0 
41a78000-41b76000 rwxp 41a78000 00:00 0 
41b76000-41b79000 ---p 41b76000 00:00 0 
41b79000-41c77000 rwxp 41b79000 00:00 0 
41c77000-41c78000 ---p 41c77000 00:00 0 
41c78000-41d78000 rwxp 41c78000 00:00 0 
41e71000-41e74000 ---p 41e71000 00:00 0 
41e74000-42672000 rwxp 41e74000 00:00 0 
42672000-42675000 ---p 42672000 00:00 0 
42675000-42e73000 rwxp 42675000 00:00 0 
42e73000-42e74000 ---p 42e73000 00:00 0 
42e74000-43674000 rwxp 42e74000 00:00 0 
43674000-43675000 ---p 43674000 00:00 0 
43675000-43e75000 rwxp 43675000 00:00 0 
43e75000-43e76000 ---p 43e75000 00:00 0 
43e76000-43f76000 rwxp 43e76000 00:00 0 
43f76000-43f79000 ---p 43f76000 00:00 0 
43f79000-44077000 rwxp 43f79000 00:00 0 
44077000-4407a000 ---p 44077000 00:00 0 
4407a000-44178000 rwxp 4407a000 00:00 0 
44178000-4417b000 ---p 44178000 00:00 0 
4417b000-44279000 rwxp 4417b000 00:00 0 
44279000-4427c000 ---p 44279000 00:00 0 
4427c000-4437a000 rwxp 4427c000 00:00 0 
4437a000-4437d000 rwxp 4437a000 00:00 0 
4437d000-4447b000 rwxp 4437d000 00:00 0 
4447b000-4447e000 ---p 4447b000 00:00 0 
4447e000-4457c000 rwxp 4447e000 00:00 0 
4457c000-4457f000 rwxp 4457c000 00:00 0 
4457f000-4467d000 rwxp 4457f000 00:00 0 
4467d000-4467e000 ---p 4467d000 00:00 0 
4467e000-44a7e000 rwxp 4467e000 00:00 0 
44a7e000-44a7f000 ---p 44a7e000 00:00 0 
44a7f000-44e7f000 rwxp 44a7f000 00:00 0 
44e7f000-44e82000 rwxp 44e7f000 00:00 0 
44e82000-44f80000 rwxp 44e82000 00:00 0 
44f80000-44f83000 ---p 44f80000 00:00 0 
44f83000-45081000 rwxp 44f83000 00:00 0 
45081000-45084000 ---p 45081000 00:00 0 
45084000-45182000 rwxp 45084000 00:00 0 
45182000-45185000 ---p 45182000 00:00 0 
45185000-45283000 rwxp 45185000 00:00 0 
45283000-45286000 rwxp 45283000 00:00 0 
45286000-45384000 rwxp 45286000 00:00 0 
7f14fba81000-7f14fba82000 r-xp 00000000 08:06 17645576                   /home/programs/Matlab/FMAToolbox/General/MatchDown.mexa64 (deleted)
7f14fba82000-7f14fbc81000 ---p 00001000 08:06 17645576                   /home/programs/Matlab/FMAToolbox/General/MatchDown.mexa64 (deleted)
7f14fbc81000-7f14fbc82000 rw-p 00000000 08:06 17645576                   /home/programs/Matlab/FMAToolbox/General/MatchDown.mexa64 (deleted)
7f14fbc82000-7f14fbc86000 r-xp 00000000 08:03 752436                     /usr/local/matlab_R2010a/bin/glnxa64/libnativemlint.so
7f14fbc86000-7f14fbe85000 ---p 00004000 08:03 752436                     /usr/local/matlab_R2010a/bin/glnxa64/libnativemlint.so
7f14fbe85000-7f14fbe86000 rw-p 00003000 08:03 752436                     /usr/local/matlab_R2010a/bin/glnxa64/libnativemlint.so
7f14fbe86000-7f14fbec6000 r-xp 00000000 08:03 751664                     /usr/local/matlab_R2010a/bin/glnxa64/libmpfr.so.1.1.2
7f14fbec6000-7f14fc0c5000 ---p 00040000 08:03 751664                     /usr/local/matlab_R2010a/bin/glnxa64/libmpfr.so.1.1.2
7f14fc0c5000-7f14fc0c7000 rw-p 0003f000 08:03 751664                     /usr/local/matlab_R2010a/bin/glnxa64/libmpfr.so.1.1.2
7f14fc0c7000-7f14fc104000 r-xp 00000000 08:03 751661                     /usr/local/matlab_R2010a/bin/glnxa64/libgmp.so.3.4.1
7f14fc104000-7f14fc304000 ---p 0003d000 08:03 751661                     /usr/local/matlab_R2010a/bin/glnxa64/libgmp.so.3.4.1
7f14fc304000-7f14fc305000 rw-p 0003d000 08:03 751661                     /usr/local/matlab_R2010a/bin/glnxa64/libgmp.so.3.4.1
7f14fc305000-7f14fc424000 r-xp 00000000 08:03 751626                     /usr/local/matlab_R2010a/bin/glnxa64/libmwmathcgeo.so
7f14fc424000-7f14fc623000 ---p 0011f000 08:03 751626                     /usr/local/matlab_R2010a/bin/glnxa64/libmwmathcgeo.so
7f14fc623000-7f14fc629000 rw-p 0011e000 08:03 751626                     /usr/local/matlab_R2010a/bin/glnxa64/libmwmathcgeo.so
7f14fc629000-7f14fd3a4000 r-xp 00000000 08:03 751645                     /usr/local/matlab_R2010a/bin/glnxa64/libmwhandle_graphics.so
7f14fd3a4000-7f14fd5a3000 ---p 00d7b000 08:03 751645                     /usr/local/matlab_R2010a/bin/glnxa64/libmwhandle_graphics.so
7f14fd5a3000-7f14fd664000 rw-p 00d7a000 08:03 751645                     /usr/local/matlab_R2010a/bin/glnxa64/libmwhandle_graphics.so
7f14fd664000-7f14fd666000 rw-p 7f14fd664000 00:00 0 
7f14fd666000-7f14fd6f8000 r-xp 00000000 08:03 751549                     /usr/local/matlab_R2010a/bin/glnxa64/libmwhgbuiltins.so
7f14fd6f8000-7f14fd8f8000 ---p 00092000 08:03 751549                     /usr/local/matlab_R2010a/bin/glnxa64/libmwhgbuiltins.so
7f14fd8f8000-7f14fd8fd000 rw-p 00092000 08:03 751549                     /usr/local/matlab_R2010a/bin/glnxa64/libmwhgbuiltins.so
7f14fd8fd000-7f14fd900000 r-xp 00000000 08:03 751539                     /usr/local/matlab_R2010a/bin/glnxa64/libmwMATLAB_res.so
7f14fd900000-7f14fdb00000 ---p 00003000 08:03 751539                     /usr/local/matlab_R2010a/bin/glnxa64/libmwMATLAB_res.so
7f14fdb00000-7f14fdb01000 rw-p 00003000 08:03 751539                     /usr/local/matlab_R2010a/bin/glnxa64/libmwMATLAB_res.so
7f14fdb01000-7f14fdd7d000 r-xp 00000000 08:03 751541                     /usr/local/matlab_R2010a/bin/glnxa64/libmwbuiltins.so
7f14fdd7d000-7f14fdf7d000 ---p 0027c000 08:03 751541                     /usr/local/matlab_R2010a/bin/glnxa64/libmwbuiltins.so
7f14fdf7d000-7f14fdf95000 rw-p 0027c000 08:03 751541                     /usr/local/matlab_R2010a/bin/glnxa64/libmwbuiltins.so
7f14fdf95000-7f14fdf98000 rw-p 7f14fdf95000 00:00 0 
7f14fdf98000-7f14fdf9b000 r-xp 00000000 08:03 751928                     /usr/local/matlab_R2010a/bin/glnxa64/mklcompat.so
7f14fdf9b000-7f14fe19a000 ---p 00003000 08:03 751928                     /usr/local/matlab_R2010a/bin/glnxa64/mklcompat.so
7f14fe19a000-7f14fe19b000 rw-p 00002000 08:03 751928                     /usr/local/matlab_R2010a/bin/glnxa64/mklcompat.so
7f14fe19b000-7f14fe231000 r-xp 00000000 08:03 1135375                    /usr/local/matlab_R2010a/sys/os/glnxa64/libiomp5.so
7f14fe231000-7f14fe331000 ---p 00096000 08:03 1135375                    /usr/local/matlab_R2010a/sys/os/glnxa64/libiomp5.so
7f14fe331000-7f14fe338000 rw-p 00096000 08:03 1135375                    /usr/local/matlab_R2010a/sys/os/glnxa64/libiomp5.so
7f14fe338000-7f14fe340000 rw-p 7f14fe338000 00:00 0 
7f14fe340000-7f14ff573000 r-xp 00000000 08:03 751927                     /usr/local/matlab_R2010a/bin/glnxa64/mkl.so
7f14ff573000-7f14ff773000 ---p 01233000 08:03 751927                     /usr/local/matlab_R2010a/bin/glnxa64/mkl.so
7f14ff773000-7f14ff78b000 rw-p 01233000 08:03 751927                     /usr/local/matlab_R2010a/bin/glnxa64/mkl.so
7f14ff78b000-7f14ff79c000 rw-p 7f14ff78b000 00:00 0 
7f14ff79c000-7f14ff7a2000 r-xp 00000000 08:03 751521                     /usr/local/matlab_R2010a/bin/glnxa64/libmwcolamd.so
7f14ff7a2000-7f14ff9a1000 ---p 00006000 08:03 751521                     /usr/local/matlab_R2010a/bin/glnxa64/libmwcolamd.so
7f14ff9a1000-7f14ff9a2000 rw-p 00005000 08:03 751521                     /usr/local/matlab_R2010a/bin/glnxa64/libmwcolamd.so
7f14ff9a2000-7f14ff9aa000 r-xp 00000000 08:03 751518                     /usr/local/matlab_R2010a/bin/glnxa64/libmwamd.so
7f14ff9aa000-7f14ffba9000 ---p 00008000 08:03 751518                     /usr/local/matlab_R2010a/bin/glnxa64/libmwamd.so
7f14ffba9000-7f14ffbaa000 rw-p 00007000 08:03 751518                     /usr/local/matlab_R2010a/bin/glnxa64/libmwamd.so
7f14ffbaa000-7f14ffbeb000 r-xp 00000000 08:03 751520                     /usr/local/matlab_R2010a/bin/glnxa64/libmwcholmod.so
7f14ffbeb000-7f14ffdea000 ---p 00041000 08:03 751520                     /usr/local/matlab_R2010a/bin/glnxa64/libmwcholmod.so
7f14ffdea000-7f14ffdeb000 rw-p 00040000 08:03 751520                     /usr/local/matlab_R2010a/bin/glnxa64/libmwcholmod.so
7f14ffdeb000-7f14ffdff000 r-xp 00000000 08:03 751555                     /usr/local/matlab_R2010a/bin/glnxa64/libmwblas.so
7f14ffdff000-7f14ffffe000 ---p 00014000 08:03 751555                     /usr/local/matlab_R2010a/bin/glnxa64/libmwblas.so
7f14ffffe000-7f1500000000 rw-p 00013000 08:03 751555                     /usr/local/matlab_R2010a/bin/glnxa64/libmwblas.so
7f1500000000-7f1500cc6000 rw-p 7f1500000000 00:00 0 
7f1500cc6000-7f1504000000 ---p 7f1500cc6000 00:00 0 
7f1504083000-7f1504122000 r-xp 00000000 08:03 751616                     /usr/local/matlab_R2010a/bin/glnxa64/libmwmathcore.so
7f1504122000-7f1504322000 ---p 0009f000 08:03 751616                     /usr/local/matlab_R2010a/bin/glnxa64/libmwmathcore.so
7f1504322000-7f1504326000 rw-p 0009f000 08:03 751616                     /usr/local/matlab_R2010a/bin/glnxa64/libmwmathcore.so
7f1504326000-7f1504737000 r-xp 00000000 08:03 751620                     /usr/local/matlab_R2010a/bin/glnxa64/libmwmathelem.so
7f1504737000-7f1504937000 ---p 00411000 08:03 751620                     /usr/local/matlab_R2010a/bin/glnxa64/libmwmathelem.so
7f1504937000-7f1504940000 rw-p 00411000 08:03 751620                     /usr/local/matlab_R2010a/bin/glnxa64/libmwmathelem.so
7f1504940000-7f1504a40000 rw-p 7f1504940000 00:00 0 
7f1504a40000-7f1504a56000 r-xp 00000000 08:03 151790                     /usr/local/matlab_R2010a/sys/java/jre/glnxa64/jre/lib/amd64/libdcpr.so
7f1504a56000-7f1504b58000 ---p 00016000 08:03 151790                     /usr/local/matlab_R2010a/sys/java/jre/glnxa64/jre/lib/amd64/libdcpr.so
7f1504b58000-7f1504b70000 rw-p 00018000 08:03 151790                     /usr/local/matlab_R2010a/sys/java/jre/glnxa64/jre/lib/amd64/libdcpr.so
7f1504b70000-7f1504c41000 rw-p 7f1504b70000 00:00 0 
7f1504c41000-7f1504c50000 r-xp 00000000 08:03 752438                     /usr/local/matlab_R2010a/bin/glnxa64/libnativecmdwin.so
7f1504c50000-7f1504e4f000 ---p 0000f000 08:03 752438                     /usr/local/matlab_R2010a/bin/glnxa64/libnativecmdwin.so
7f1504e4f000-7f1504e51000 rw-p 0000e000 08:03 752438                     /usr/local/matlab_R2010a/bin/glnxa64/libnativecmdwin.so
7f1504e51000-7f1504e6a000 r--s 00000000 08:03 685473                     /usr/share/fonts/type1/gsfonts/b018012l.pfb
7f1504e6a000-7f1504e7e000 r--s 00000000 08:03 685500                     /usr/share/fonts/type1/gsfonts/n019003l.pfb
7f1504e7e000-7f1504e8f000 r--s 00000000 08:03 685518                     /usr/share/fonts/type1/gsfonts/n019063l.pfb
7f1504e8f000-7f1504ea9000 r--s 00000000 08:03 685485                     /usr/share/fonts/type1/gsfonts/c059013l.pfb
7f1504ea9000-7f1504ebb000 r--s 00000000 08:03 685512                     /usr/share/fonts/type1/gsfonts/n019043l.pfb
7f1504ebb000-7f1504ed3000 r--s 00000000 08:03 685491                     /usr/share/fonts/type1/gsfonts/c059033l.pfb
7f1504ed3000-7f1504eec000 r--s 00000000 08:03 685527                     /usr/share/fonts/type1/gsfonts/n021004l.pfb
7f1504eec000-7f1504f03000 r--s 00000000 08:03 685530                     /usr/share/fonts/type1/gsfonts/n021023l.pfb
7f1504f03000-7f1504f14000 r--s 00000000 08:03 685470                     /usr/share/fonts/type1/gsfonts/a010035l.pfb
7f1504f14000-7f1504f2d000 r--s 00000000 08:03 685524                     /usr/share/fonts/type1/gsfonts/n021003l.pfb
7f1504f2d000-7f1504f3e000 r--s 00000000 08:03 685506                     /usr/share/fonts/type1/gsfonts/n019023l.pfb
7f1504f3e000-7f1504f51000 r--s 00000000 08:03 685521                     /usr/share/fonts/type1/gsfonts/n019064l.pfb
7f1504f51000-7f1504f63000 r--s 00000000 08:03 685503                     /usr/share/fonts/type1/gsfonts/n019004l.pfb
7f1504f63000-7f1504f7b000 r--s 00000000 08:03 685536                     /usr/share/fonts/type1/gsfonts/n022003l.pfb
7f1504f7b000-7f1504f91000 r--s 00000000 08:03 685545                     /usr/share/fonts/type1/gsfonts/n022024l.pfb
7f1504f91000-7f1504fac000 r--s 00000000 08:03 685554                     /usr/share/fonts/type1/gsfonts/p052023l.pfb
7f1504fac000-7f1504fc7000 r--s 00000000 08:03 685548                     /usr/share/fonts/type1/gsfonts/p052003l.pfb
7f1504fc7000-7f1504fd8000 r--s 00000000 08:03 685509                     /usr/share/fonts/type1/gsfonts/n019024l.pfb
7f1504fd8000-7f1504feb000 r--s 00000000 08:03 685476                     /usr/share/fonts/type1/gsfonts/b018015l.pfb
7f1504feb000-7f1505000000 r--s 00000000 08:03 685479                     /usr/share/fonts/type1/gsfonts/b018032l.pfb
7f1505000000-7f1507a80000 rwxp 7f1505000000 00:00 0 
7f1507a80000-7f150d000000 rwxp 7f1507a80000 00:00 0 
7f150d000000-7f1510000000 rwxp 7f150d000000 00:00 0 
7f1510000000-7f1513000000 rwxp 7f1510000000 00:00 0 
7f1513000000-7f1515000000 rwxp 7f1513000000 00:00 0 
7f1515000000-7f1515270000 rwxp 7f1515000000 00:00 0 
7f1515270000-7f1518000000 rwxp 7f1515270000 00:00 0 
7f1518000000-7f151912f000 rw-p 7f1518000000 00:00 0 
7f151912f000-7f151c000000 ---p 7f151912f000 00:00 0 
7f151c00a000-7f151c00e000 rw-s 00000000 00:09 2073723539                 /SYSV00000000 (deleted)
7f151c00e000-7f151c027000 r--s 00000000 08:03 685539                     /usr/share/fonts/type1/gsfonts/n022004l.pfb
7f151c027000-7f151c037000 r--s 00000000 08:03 685467                     /usr/share/fonts/type1/gsfonts/a010033l.pfb
7f151c037000-7f151c049000 r--s 00000000 08:03 685482                     /usr/share/fonts/type1/gsfonts/b018035l.pfb
7f151c049000-7f151c064000 r--s 00000000 08:03 685488                     /usr/share/fonts/type1/gsfonts/c059016l.pfb
7f151c064000-7f151c07a000 r--s 00000000 08:03 685542                     /usr/share/fonts/type1/gsfonts/n022023l.pfb
7f151c07a000-7f151c092000 r--s 00000000 08:03 685494                     /usr/share/fonts/type1/gsfonts/c059036l.pfb
7f151c092000-7f151c0ad000 r--s 00000000 08:03 685551                     /usr/share/fonts/type1/gsfonts/p052004l.pfb
7f151c0ad000-7f151c0b9000 r--s 00000000 08:03 685497                     /usr/share/fonts/type1/gsfonts/d050000l.pfb
7f151c0b9000-7f151c0cf000 r--s 00000000 08:03 685533                     /usr/share/fonts/type1/gsfonts/n021024l.pfb
7f151c0cf000-7f151c0e6000 r--s 00000000 08:03 685563                     /usr/share/fonts/type1/gsfonts/z003034l.pfb
7f151c0e6000-7f151c0f6000 r--s 00000000 08:03 685464                     /usr/share/fonts/type1/gsfonts/a010015l.pfb
7f151c0f6000-7f151c106000 r--s 00000000 08:03 685461                     /usr/share/fonts/type1/gsfonts/a010013l.pfb
7f151c106000-7f151c122000 r--s 00000000 08:03 685557                     /usr/share/fonts/type1/gsfonts/p052024l.pfb
7f151c122000-7f151c134000 r--s 00000000 08:03 685515                     /usr/share/fonts/type1/gsfonts/n019044l.pfb
7f151c134000-7f151c13d000 r--s 00000000 08:03 685560                     /usr/share/fonts/type1/gsfonts/s050000l.pfb
7f151c13d000-7f151c146000 r--s 00000000 08:03 680659                     /usr/share/fonts/X11/Type1/c0632bt_.pfb
7f151c146000-7f151c14f000 r--s 00000000 08:03 678859                     /usr/share/fonts/X11/Type1/c0649bt_.pfb
7f151c14f000-7f151c159000 r--s 00000000 08:03 680657                     /usr/share/fonts/X11/Type1/c0611bt_.pfb
7f151c159000-7f151c163000 r--s 00000000 08:03 678860                     /usr/share/fonts/X11/Type1/c0419bt_.pfb
7f151c163000-7f151c16d000 r--s 00000000 08:03 681024                     /usr/share/fonts/X11/Type1/c0583bt_.pfb
7f151c16d000-7f151c176000 r--s 00000000 08:03 681018                     /usr/share/fonts/X11/Type1/c0648bt_.pfb
7f151c176000-7f151c17f000 r--s 00000000 08:03 681026                     /usr/share/fonts/X11/Type1/c0633bt_.pfb
7f151c17f000-7f151c189000 r--s 00000000 08:03 681025                     /usr/share/fonts/X11/Type1/c0582bt_.pfb
7f151c189000-7f151c192000 r--s 00000000 08:03 1089049                    /var/cache/fontconfig/945677eb7aeaf62f1d50efc3fb3ec7d8-x86-64.cache-2
7f151c192000-7f151c195000 r--s 00000000 08:03 1088985                    /var/cache/fontconfig/e383d7ea5fbe662a33d9b44caf393297-x86-64.cache-2
7f151c195000-7f151c199000 r--s 00000000 08:03 1088963                    /var/cache/fontconfig/a755afe4a08bf5b97852ceb7400b47bc-x86-64.cache-2
7f151c199000-7f151c1a2000 r--s 00000000 08:03 1088950                    /var/cache/fontconfig/6d41288fd70b0be22e8c3a91e032eec0-x86-64.cache-2
7f151c1a2000-7f151c1ad000 r--s 00000000 08:03 1088938                    /var/cache/fontconfig/e3de0de479f42330eadf588a55fb5bf4-x86-64.cache-2
7f151c1ad000-7f151c1af000 r-xp 00000000 08:03 752430                     /usr/local/matlab_R2010a/bin/glnxa64/libnativelex.so
7f151c1af000-7f151c3af000 ---p 00002000 08:03 752430                     /usr/local/matlab_R2010a/bin/glnxa64/libnativelex.so
7f151c3af000-7f151c3b0000 rw-p 00002000 08:03 752430                     /usr/local/matlab_R2010a/bin/glnxa64/libnativelex.so
7f151c3b0000-7f151c49c000 r-xp 00000000 08:03 753260                     /usr/local/matlab_R2010a/bin/glnxa64/libinstutil.so
7f151c49c000-7f151c69b000 ---p 000ec000 08:03 753260                     /usr/local/matlab_R2010a/bin/glnxa64/libinstutil.so
7f151c69b000-7f151c6a1000 rw-p 000eb000 08:03 753260                     /usr/local/matlab_R2010a/bin/glnxa64/libinstutil.so
7f151c6a1000-7f151c6a2000 rw-p 7f151c6a1000 00:00 0 
7f151c6a2000-7f151c6a9000 r-xp 00000000 08:03 151815                     /usr/local/matlab_R2010a/sys/java/jre/glnxa64/jre/lib/amd64/libnio.so
7f151c6a9000-7f151c7a8000 ---p 00007000 08:03 151815                     /usr/local/matlab_R2010a/sys/java/jre/glnxa64/jre/lib/amd64/libnio.so
7f151c7a8000-7f151c7aa000 rw-p 00006000 08:03 151815                     /usr/local/matlab_R2010a/sys/java/jre/glnxa64/jre/lib/amd64/libnio.so
7f151c7aa000-7f151c7b3000 r--s 00000000 08:03 1089049                    /var/cache/fontconfig/945677eb7aeaf62f1d50efc3fb3ec7d8-x86-64.cache-2
7f151c7b3000-7f151c7b6000 r--s 00000000 08:03 1088985                    /var/cache/fontconfig/e383d7ea5fbe662a33d9b44caf393297-x86-64.cache-2
7f151c7b6000-7f151c7b7000 r--s 00000000 08:03 1088979                    /var/cache/fontconfig/c69f04ab05004e31a6d5e715764f16d8-x86-64.cache-2
7f151c7b7000-7f151c7b8000 r--s 00000000 08:03 1088968                    /var/cache/fontconfig/4c73fe0c47614734b17d736dbde7580a-x86-64.cache-2
7f151c7b8000-7f151c7bc000 r--s 00000000 08:03 1088963                    /var/cache/fontconfig/a755afe4a08bf5b97852ceb7400b47bc-x86-64.cache-2
7f151c7bc000-7f151c7c5000 r--s 00000000 08:03 1088950                    /var/cache/fontconfig/6d41288fd70b0be22e8c3a91e032eec0-x86-64.cache-2
7f151c7c5000-7f151c7c8000 r--s 00000000 08:03 1088949                    /var/cache/fontconfig/de156ccd2eddbdc19d37a45b8b2aac9c-x86-64.cache-2
7f151c7c8000-7f151c7d3000 r--s 00000000 08:03 1088938                    /var/cache/fontconfig/e3de0de479f42330eadf588a55fb5bf4-x86-64.cache-2
7f151c7d3000-7f151c7de000 r--s 00000000 08:03 1088903                    /var/cache/fontconfig/0f34bcd4b6ee430af32735b75db7f02b-x86-64.cache-2
7f151c7de000-7f151c7df000 r--s 00000000 08:03 1088900                    /var/cache/fontconfig/9451a55048e8dbe8633e64d34165fdf2-x86-64.cache-2
7f151c7df000-7f151c7e0000 r--s 00000000 08:03 1088896                    /var/cache/fontconfig/4794a0821666d79190d59a36cb4f44b5-x86-64.cache-2
7f151c7e0000-7f151c80e000 r--s 00000000 08:03 1088894                    /var/cache/fontconfig/365b55f210c0a22e9a19e35191240f32-x86-64.cache-2
7f151c80e000-7f151c819000 r--s 00000000 08:03 1088903                    /var/cache/fontconfig/0f34bcd4b6ee430af32735b75db7f02b-x86-64.cache-2
7f151c819000-7f151c81a000 r--s 00000000 08:03 1088900                    /var/cache/fontconfig/9451a55048e8dbe8633e64d34165fdf2-x86-64.cache-2
7f151c81a000-7f151c81b000 r--s 00000000 08:03 1088896                    /var/cache/fontconfig/4794a0821666d79190d59a36cb4f44b5-x86-64.cache-2
7f151c81b000-7f151c849000 r--s 00000000 08:03 1088894                    /var/cache/fontconfig/365b55f210c0a22e9a19e35191240f32-x86-64.cache-2
7f151c849000-7f151c84b000 r--s 00000000 08:03 1088882                    /var/cache/fontconfig/2c5ba8142dffc8bf0377700342b8ca1a-x86-64.cache-2
7f151c84b000-7f151c84e000 r--s 00000000 08:03 1088794                    /var/cache/fontconfig/de9486f0b47a4d768a594cb4198cb1c6-x86-64.cache-2
7f151c84e000-7f151c857000 r--s 00000000 08:03 1088792                    /var/cache/fontconfig/d52a8644073d54c13679302ca1180695-x86-64.cache-2
7f151c857000-7f151c85d000 r--s 00000000 08:03 1088771                    /var/cache/fontconfig/105b9c7e6f0a4f82d8c9b6e39c52c6f9-x86-64.cache-2
7f151c85d000-7f151c869000 r--s 00000000 08:03 1088766                    /var/cache/fontconfig/089dead882dea3570ffc31a9898cfb69-x86-64.cache-2
7f151c869000-7f151c87c000 r-xp 00000000 08:03 151814                     /usr/local/matlab_R2010a/sys/java/jre/glnxa64/jre/lib/amd64/libnet.so
7f151c87c000-7f151c97d000 ---p 00013000 08:03 151814                     /usr/local/matlab_R2010a/sys/java/jre/glnxa64/jre/lib/amd64/libnet.so
7f151c97d000-7f151c980000 rw-p 00014000 08:03 151814                     /usr/local/matlab_R2010a/sys/java/jre/glnxa64/jre/lib/amd64/libnet.so
7f151c980000-7f151c9ac000 r-xp 00000000 08:03 151806                     /usr/local/matlab_R2010a/sys/java/jre/glnxa64/jre/lib/amd64/libjpeg.so
7f151c9ac000-7f151caac000 ---p 0002c000 08:03 151806                     /usr/local/matlab_R2010a/sys/java/jre/glnxa64/jre/lib/amd64/libjpeg.so
7f151caac000-7f151cab2000 rw-p 0002c000 08:03 151806                     /usr/local/matlab_R2010a/sys/java/jre/glnxa64/jre/lib/amd64/libjpeg.so
7f151cab2000-7f151cab9000 r--s 00110000 08:03 135035                     /usr/local/matlab_R2010a/sys/java/jre/glnxa64/jre/lib/resources.jar
7f151cab9000-7f151cabd000 r-xp 00000000 08:03 752440                     /usr/local/matlab_R2010a/bin/glnxa64/libnativelmgr.so
7f151cabd000-7f151ccbc000 ---p 00004000 08:03 752440                     /usr/local/matlab_R2010a/bin/glnxa64/libnativelmgr.so
7f151ccbc000-7f151ccbd000 rw-p 00003000 08:03 752440                     /usr/local/matlab_R2010a/bin/glnxa64/libnativelmgr.so
7f151ccbd000-7f151cd3b000 r-xp 00000000 08:03 151793                     /usr/local/matlab_R2010a/sys/java/jre/glnxa64/jre/lib/amd64/libfontmanager.so
7f151cd3b000-7f151ce3d000 ---p 0007e000 08:03 151793                     /usr/local/matlab_R2010a/sys/java/jre/glnxa64/jre/lib/amd64/libfontmanager.so
7f151ce3d000-7f151ce53000 rw-p 00080000 08:03 151793                     /usr/local/matlab_R2010a/sys/java/jre/glnxa64/jre/lib/amd64/libfontmanager.so
7f151ce53000-7f151ce64000 rw-p 7f151ce53000 00:00 0 
7f151ce64000-7f151ce6d000 r-xp 00000000 08:03 515477                     /usr/lib/libXi.so.6.0.0
7f151ce6d000-7f151d06c000 ---p 00009000 08:03 515477                     /usr/lib/libXi.so.6.0.0
7f151d06c000-7f151d06d000 rw-p 00008000 08:03 515477                     /usr/lib/libXi.so.6.0.0
7f151d06d000-7f151d072000 r-xp 00000000 08:03 515497                     /usr/lib/libXtst.so.6.1.0
7f151d072000-7f151d272000 ---p 00005000 08:03 515497                     /usr/lib/libXtst.so.6.1.0
7f151d272000-7f151d273000 rw-p 00005000 08:03 515497                     /usr/lib/libXtst.so.6.1.0
7f151d273000-7f151d275000 rw-p 7f151d273000 00:00 0 
7f151d275000-7f151d277000 r--s 00000000 08:03 1088882                    /var/cache/fontconfig/2c5ba8142dffc8bf0377700342b8ca1a-x86-64.cache-2
7f151d277000-7f151d27a000 r--s 00000000 08:03 1088794                    /var/cache/fontconfig/de9486f0b47a4d768a594cb4198cb1c6-x86-64.cache-2
7f151d27a000-7f151d283000 r--s 00000000 08:03 1088792                    /var/cache/fontconfig/d52a8644073d54c13679302ca1180695-x86-64.cache-2
7f151d283000-7f151d289000 r--s 00000000 08:03 1088771                    /var/cache/fontconfig/105b9c7e6f0a4f82d8c9b6e39c52c6f9-x86-64.cache-2
7f151d289000-7f151d295000 r--s 00000000 08:03 1088766                    /var/cache/fontconfig/089dead882dea3570ffc31a9898cfb69-x86-64.cache-2
7f151d295000-7f151d2d6000 r-xp 00000000 08:03 151824                     /usr/local/matlab_R2010a/sys/java/jre/glnxa64/jre/lib/amd64/xawt/libmawt.so
7f151d2d6000-7f151d3d5000 ---p 00041000 08:03 151824                     /usr/local/matlab_R2010a/sys/java/jre/glnxa64/jre/lib/amd64/xawt/libmawt.so
7f151d3d5000-7f151d3e1000 rw-p 00040000 08:03 151824                     /usr/local/matlab_R2010a/sys/java/jre/glnxa64/jre/lib/amd64/xawt/libmawt.so
7f151d3e1000-7f151d3e2000 rw-p 7f151d3e1000 00:00 0 
7f151d3e2000-7f151d474000 r-xp 00000000 08:03 151788                     /usr/local/matlab_R2010a/sys/java/jre/glnxa64/jre/lib/amd64/libawt.so
7f151d474000-7f151d573000 ---p 00092000 08:03 151788                     /usr/local/matlab_R2010a/sys/java/jre/glnxa64/jre/lib/amd64/libawt.so
7f151d573000-7f151d58c000 rw-p 00091000 08:03 151788                     /usr/local/matlab_R2010a/sys/java/jre/glnxa64/jre/lib/amd64/libawt.so
7f151d58c000-7f151d5b1000 rw-p 7f151d58c000 00:00 0 
7f151d5b1000-7f151d5b3000 r-xp 00000000 08:03 752432                     /usr/local/matlab_R2010a/bin/glnxa64/libnativeservices.so
7f151d5b3000-7f151d7b2000 ---p 00002000 08:03 752432                     /usr/local/matlab_R2010a/bin/glnxa64/libnativeservices.so
7f151d7b2000-7f151d7b3000 rw-p 00001000 08:03 752432                     /usr/local/matlab_R2010a/bin/glnxa64/libnativeservices.so
7f151d7b3000-7f151d7be000 r--s 0005a000 08:03 739428                     /usr/local/matlab_R2010a/java/jarext/xstream.jar
7f151d7be000-7f151d7d5000 r--s 00114000 08:03 739427                     /usr/local/matlab_R2010a/java/jarext/xercesImpl.jar
7f151d7d5000-7f151d7e0000 r--s 0005e000 08:03 739426                     /usr/local/matlab_R2010a/java/jarext/webrenderer.jar
7f151d7e0000-7f151d7e3000 r--s 00017000 08:03 738410                     /usr/local/matlab_R2010a/java/jarext/TimingFramework.jar
7f151d7e3000-7f151d7e6000 r--s 00019000 08:03 739425                     /usr/local/matlab_R2010a/java/jarext/scr.jar
7f151d7e6000-7f151d7fe000 r--s 0046e000 08:03 739415                     /usr/local/matlab_R2010a/java/jarext/saxon9.jar
7f151d7fe000-7f151d800000 r--s 00029000 08:03 739424                     /usr/local/matlab_R2010a/java/jarext/saxon9-xqj.jar
7f151d800000-7f151d801000 r--s 0000a000 08:03 739423                     /usr/local/matlab_R2010a/java/jarext/saxon9-xpath.jar
7f151d801000-7f151d803000 r--s 0000a000 08:03 739422                     /usr/local/matlab_R2010a/java/jarext/saxon9-xom.jar
7f151d803000-7f151d805000 r--s 0000a000 08:03 739421                     /usr/local/matlab_R2010a/java/jarext/saxon9-sql.jar
7f151d805000-7f151d807000 r--s 0001a000 08:03 739420                     /usr/local/matlab_R2010a/java/jarext/saxon9-s9api.jar
7f151d807000-7f151d808000 r--s 00007000 08:03 739419                     /usr/local/matlab_R2010a/java/jarext/saxon9-jdom.jar
7f151d808000-7f151d809000 r--s 00007000 08:03 739417                     /usr/local/matlab_R2010a/java/jarext/saxon9-dom4j.jar
7f151d809000-7f151d80b000 r--s 0001a000 08:03 739418                     /usr/local/matlab_R2010a/java/jarext/saxon9-dom.jar
7f151d80b000-7f151d80c000 r--s 00005000 08:03 739416                     /usr/local/matlab_R2010a/java/jarext/saxon9-ant.jar
7f151d80c000-7f151d814000 r--s 00084000 08:03 739414                     /usr/local/matlab_R2010a/java/jarext/saxon.jar
7f151d814000-7f151d816000 r--s 00018000 08:03 739413                     /usr/local/matlab_R2010a/java/jarext/nekohtml.jar
7f151d816000-7f151d81e000 r--s 0005b000 08:03 739412                     /usr/local/matlab_R2010a/java/jarext/lucene-core-2.0.0.jar
7f151d81e000-7f151d820000 r--s 0000d000 08:03 739411                     /usr/local/matlab_R2010a/java/jarext/lucene-analyzers-2.0.0.jar
7f151d820000-7f151d826000 r--s 00030000 08:03 739410                     /usr/local/matlab_R2010a/java/jarext/junit.jar
7f151d826000-7f151d829000 r--s 0002b000 08:03 739408                     /usr/local/matlab_R2010a/java/jarext/jsch.jar
7f151d829000-7f151d82a000 r--s 00009000 08:03 739409                     /usr/local/matlab_R2010a/java/jarext/jox116.jar
7f151d82a000-7f151d82c000 r--s 00010000 08:03 780000                     /usr/local/matlab_R2010a/java/jarext/jide/jide-shortcut.jar
7f151d82c000-7f151d847000 r--s 0012e000 08:03 779999                     /usr/local/matlab_R2010a/java/jarext/jide/jide-grids.jar
7f151d847000-7f151d84a000 r--s 0000b000 08:03 779997                     /usr/local/matlab_R2010a/java/jarext/jide/jide-dialogs.jar
7f151d84a000-7f151d852000 r--s 00043000 08:03 779996                     /usr/local/matlab_R2010a/java/jarext/jide/jide-components.jar
7f151d852000-7f151d858000 r--s 00044000 08:03 779998                     /usr/local/matlab_R2010a/java/jarext/jide/jide-dock.jar
7f151d858000-7f151d872000 r--s 00128000 08:03 779995                     /usr/local/matlab_R2010a/java/jarext/jide/jide-common.jar
7f151d872000-7f151d877000 r--s 0002a000 08:03 779994                     /usr/local/matlab_R2010a/java/jarext/jide/jide-action.jar
7f151d877000-7f151d87f000 r--s 00053000 08:03 739407                     /usr/local/matlab_R2010a/java/jarext/jgoodies-looks.jar
7f151d87f000-7f151d882000 r--s 00013000 08:03 739406                     /usr/local/matlab_R2010a/java/jarext/jgoodies-forms.jar
7f151d882000-7f151d887000 r--s 0003e000 08:03 739405                     /usr/local/matlab_R2010a/java/jarext/jfcunit.jar
7f151d887000-7f151d8b7000 r--s 0016e000 08:03 739404                     /usr/local/matlab_R2010a/java/jarext/jemmy.jar
7f151d8b7000-7f151d8ba000 r--s 00023000 08:03 739403                     /usr/local/matlab_R2010a/java/jarext/jdom.jar
7f151d8ba000-7f151d8bc000 r--s 00006000 08:03 739402                     /usr/local/matlab_R2010a/java/jarext/jakarta-regexp-1.2.jar
7f151d8bc000-7f151d8be000 r--s 0000e000 08:03 739401                     /usr/local/matlab_R2010a/java/jarext/jakarta-oro-2.0.8.jar
7f151d8be000-7f151d8c0000 r--s 0000a000 08:03 739400                     /usr/local/matlab_R2010a/java/jarext/jaccess-1_4.jar
7f151d8c0000-7f151d8c4000 r--s 00037000 08:03 747541                     /usr/local/matlab_R2010a/java/jarext/ice/icessl.jar
7f151d8c4000-7f151d8c5000 r--s 00000000 08:03 747540                     /usr/local/matlab_R2010a/java/jarext/ice/ib6xalan.jar
7f151d8c5000-7f151d8c8000 r--s 00015000 08:03 747539                     /usr/local/matlab_R2010a/java/jarext/ice/ib6util.jar
7f151d8c8000-7f151d8ca000 r--s 0000e000 08:03 747538                     /usr/local/matlab_R2010a/java/jarext/ice/ib6swing.jar
7f151d8ca000-7f151d8ce000 r--s 00044000 08:03 747537                     /usr/local/matlab_R2010a/java/jarext/ice/ib6js.jar
7f151d8ce000-7f151d8cf000 r--s 00000000 08:03 747536                     /usr/local/matlab_R2010a/java/jarext/ice/ib6https.jar
7f151d8cf000-7f151d8d2000 r--s 00016000 08:03 747535                     /usr/local/matlab_R2010a/java/jarext/ice/ib6http.jar
7f151d8d2000-7f151d8d5000 r--s 00011000 08:03 747534                     /usr/local/matlab_R2010a/java/jarext/ice/ib6extra.jar
7f151d8d5000-7f151d8de000 r--s 00081000 08:03 747533                     /usr/local/matlab_R2010a/java/jarext/ice/ib6core.jar
7f151d8de000-7f151d8e0000 r--s 00008000 08:03 739399                     /usr/local/matlab_R2010a/java/jarext/gnu-regexp.jar
7f151d8e0000-7f151d8ea000 r--s 000ec000 08:03 1135334                    /usr/local/matlab_R2010a/java/jarext/glnxa64/jogl.jar
7f151d8ea000-7f151d8eb000 r--s 00004000 08:03 1135335                    /usr/local/matlab_R2010a/java/jarext/glnxa64/gluegen-rt.jar
7f151d8eb000-7f151d8fb000 r--s 000a7000 08:03 739110                     /usr/local/matlab_R2010a/java/jarext/glazedlists_java15.jar
7f151d8fb000-7f151d8fe000 r--s 00023000 08:03 738440                     /usr/local/matlab_R2010a/java/jarext/freehep-xml.jar
7f151d8fe000-7f151d900000 r--s 0000a000 08:03 738439                     /usr/local/matlab_R2010a/java/jarext/freehep-util.jar
7f151d900000-7f151d906000 r--s 0002f000 08:03 738438                     /usr/local/matlab_R2010a/java/jarext/freehep-swing.jar
7f151d906000-7f151d908000 r--s 0000e000 08:03 738437                     /usr/local/matlab_R2010a/java/jarext/freehep-io.jar
7f151d908000-7f151d90c000 r--s 0002a000 08:03 738436                     /usr/local/matlab_R2010a/java/jarext/freehep-graphicsio.jar
7f151d90c000-7f151d911000 r--s 00027000 08:03 738435                     /usr/local/matlab_R2010a/java/jarext/freehep-graphicsio-swf.jar
7f151d911000-7f151d912000 r--s 00005000 08:03 738434                     /usr/local/matlab_R2010a/java/jarext/freehep-graphicsio-svg.jar
7f151d912000-7f151d914000 r--s 0000a000 08:03 738433                     /usr/local/matlab_R2010a/java/jarext/freehep-graphicsio-ps.jar
7f151d914000-7f151d917000 r--s 00010000 08:03 738432                     /usr/local/matlab_R2010a/java/jarext/freehep-graphicsio-pdf.jar
7f151d917000-7f151d91b000 r--s 00026000 08:03 738431                     /usr/local/matlab_R2010a/java/jarext/freehep-graphicsio-emf.jar
7f151d91b000-7f151d91d000 r--s 0001d000 08:03 738430                     /usr/local/matlab_R2010a/java/jarext/freehep-graphics2d.jar
7f151d91d000-7f151d91e000 r--s 00004000 08:03 738429                     /usr/local/matlab_R2010a/java/jarext/freehep-export.jar
7f151d91e000-7f151d920000 r--s 00007000 08:03 738428                     /usr/local/matlab_R2010a/java/jarext/foxtrot.jar
7f151d920000-7f151d939000 r--s 0015c000 08:03 738426                     /usr/local/matlab_R2010a/java/jarext/fop.jar
7f151d939000-7f151d93f000 r--s 00054000 08:03 738425                     /usr/local/matlab_R2010a/java/jarext/felix.jar
7f151d93f000-7f151d941000 r--s 0000a000 08:03 738424                     /usr/local/matlab_R2010a/java/jarext/dtdparser121.jar
7f151d941000-7f151d94a000 r--s 00085000 08:03 738423                     /usr/local/matlab_R2010a/java/jarext/costello.jar
7f151d94a000-7f151d94f000 r--s 0002c000 08:03 738422                     /usr/local/matlab_R2010a/java/jarext/commons-net.jar
7f151d94f000-7f151d954000 r--s 00026000 08:03 738421                     /usr/local/matlab_R2010a/java/jarext/commons-math.jar
7f151d954000-7f151d958000 r--s 00038000 08:03 738420                     /usr/local/matlab_R2010a/java/jarext/commons-lang.jar
7f151d958000-7f151d95b000 r--s 00012000 08:03 738419                     /usr/local/matlab_R2010a/java/jarext/commons-io.jar
7f151d95b000-7f151d95e000 r--s 00019000 08:03 738418                     /usr/local/matlab_R2010a/java/jarext/commons-el.jar
7f151d95e000-7f151d96b000 r--s 0007f000 08:03 738417                     /usr/local/matlab_R2010a/java/jarext/commons-collections.jar
7f151d96b000-7f151d96c000 r--s 00008000 08:03 738416                     /usr/local/matlab_R2010a/java/jarext/commons-cli.jar
7f151d96c000-7f151d995000 r--s 001dc000 08:03 738427                     /usr/local/matlab_R2010a/java/jarext/batik.jar
7f151d995000-7f151d99a000 r--s 00025000 08:03 738415                     /usr/local/matlab_R2010a/java/jarext/batik-svggen.jar
7f151d99a000-7f151d99e000 r--s 0001f000 08:03 747556                     /usr/local/matlab_R2010a/java/jarext/axis2/XmlSchema.jar
7f151d99e000-7f151d9a6000 r--s 00028000 08:03 747555                     /usr/local/matlab_R2010a/java/jarext/axis2/xml-apis.jar
7f151d9a6000-7f151d9ac000 r--s 00079000 08:03 747554                     /usr/local/matlab_R2010a/java/jarext/axis2/wstx-asl.jar
7f151d9ac000-7f151d9b1000 r--s 00020000 08:03 747553                     /usr/local/matlab_R2010a/java/jarext/axis2/wsdl4j.jar
7f151d9b1000-7f151d9b3000 r--s 00007000 08:03 747552                     /usr/local/matlab_R2010a/java/jarext/axis2/neethi.jar
7f151d9b3000-7f151d9b9000 r--s 00059000 08:03 747551                     /usr/local/matlab_R2010a/java/jarext/axis2/mail.jar
7f151d9b9000-7f151d9bb000 r--s 00006000 08:03 747550                     /usr/local/matlab_R2010a/java/jarext/axis2/geronimo-stax-api.jar
7f151d9bb000-7f151d9bd000 r--s 0000d000 08:03 747517                     /usr/local/matlab_R2010a/java/jarext/axis2/commons-logging.jar
7f151d9bd000-7f151d9c3000 r--s 00045000 08:03 747549                     /usr/local/matlab_R2010a/java/jarext/axis2/commons-httpclient.jar
7f151d9c3000-7f151d9c5000 r--s 0000a000 08:03 747548                     /usr/local/matlab_R2010a/java/jarext/axis2/commons-codec.jar
7f151d9c5000-7f151d9cd000 r--s 00049000 08:03 747547                     /usr/local/matlab_R2010a/java/jarext/axis2/backport-util-concurrent.jar
7f151d9cd000-7f151d9de000 r--s 0012a000 08:03 747546                     /usr/local/matlab_R2010a/java/jarext/axis2/axis2-kernel.jar
7f151d9de000-7f151d9e9000 r--s 000b2000 08:03 747545                     /usr/local/matlab_R2010a/java/jarext/axis2/axis2-adb.jar
7f151d9e9000-7f151d9ec000 r--s 0001c000 08:03 747544                     /usr/local/matlab_R2010a/java/jarext/axis2/axiom-impl.jar
7f151d9ec000-7f151d9f1000 r--s 0002c000 08:03 747543                     /usr/local/matlab_R2010a/java/jarext/axis2/axiom-api.jar
7f151d9f1000-7f151d9f3000 r--s 0000e000 08:03 747542                     /usr/local/matlab_R2010a/java/jarext/axis2/activation.jar
7f151d9f3000-7f151d9f6000 r--s 0000d000 08:03 738414                     /usr/local/matlab_R2010a/java/jarext/avalon.jar
7f151d9f6000-7f151da06000 r--s 000ee000 08:03 738413                     /usr/local/matlab_R2010a/java/jarext/ant.jar
7f151da06000-7f151da08000 r--s 0000d000 08:03 738408                     /usr/local/matlab_R2010a/java/jarext/AnimatedTransitions.jar
7f151da08000-7f151da09000 r--s 0000b000 08:03 738412                     /usr/local/matlab_R2010a/java/jarext/access-bridge.jar
7f151da09000-7f151da10000 r--s 0004f000 08:03 738411                     /usr/local/matlab_R2010a/java/jarext/abbot.jar
7f151da10000-7f151da12000 r--s 0000d000 08:03 738409                     /usr/local/matlab_R2010a/java/jarext/RXTXcomm.jar
7f151da12000-7f151da13000 r--s 00003000 08:03 728407                     /usr/local/matlab_R2010a/java/jar/xml.jar
7f151da13000-7f151da19000 r--s 00034000 08:03 728404                     /usr/local/matlab_R2010a/java/jar/wizard.jar
7f151da19000-7f151da35000 r--s 00133000 08:03 727664                     /usr/local/matlab_R2010a/java/jar/webintegration.jar
7f151da35000-7f151da3a000 r--s 00020000 08:03 728401                     /usr/local/matlab_R2010a/java/jar/vrd.jar
7f151da3a000-7f151da3f000 r--s 00027000 08:03 728412                     /usr/local/matlab_R2010a/java/jar/toolbox/timeseries.jar
7f151da3f000-7f151da46000 r--s 00033000 08:03 728411                     /usr/local/matlab_R2010a/java/jar/toolbox/testmeas.jar
7f151da46000-7f151da4d000 r--s 00046000 08:03 729106                     /usr/local/matlab_R2010a/java/jar/toolbox/stats.jar
7f151da4d000-7f151da4f000 r--s 00009000 08:03 727663                     /usr/local/matlab_R2010a/java/jar/toolbox/shared/controllib.jar
7f151da4f000-7f151da53000 r--s 00018000 08:03 728410                     /usr/local/matlab_R2010a/java/jar/toolbox/rptgencore.jar
7f151da53000-7f151da5e000 r--s 00068000 08:03 738406                     /usr/local/matlab_R2010a/java/jar/toolbox/matlab/guide.jar
7f151da5e000-7f151da60000 r--s 00006000 08:03 738407                     /usr/local/matlab_R2010a/java/jar/toolbox/matlab/audiovideo.jar
7f151da60000-7f151da75000 r--s 00138000 08:03 728415                     /usr/local/matlab_R2010a/java/jar/toolbox/instrument.jar
7f151da75000-7f151daa2000 r-xp 00000000 08:03 752428                     /usr/local/matlab_R2010a/bin/glnxa64/libnativejmi.so
7f151daa2000-7f151dca1000 ---p 0002d000 08:03 752428                     /usr/local/matlab_R2010a/bin/glnxa64/libnativejmi.so
7f151dca1000-7f151dca4000 rw-p 0002c000 08:03 752428                     /usr/local/matlab_R2010a/bin/glnxa64/libnativejmi.so
7f151dca4000-7f151dca7000 r-xp 00000000 08:03 752424                     /usr/local/matlab_R2010a/bin/glnxa64/libnativejava.so
7f151dca7000-7f151dea7000 ---p 00003000 08:03 752424                     /usr/local/matlab_R2010a/bin/glnxa64/libnativejava.so
7f151dea7000-7f151dea8000 rw-p 00003000 08:03 752424                     /usr/local/matlab_R2010a/bin/glnxa64/libnativejava.so
7f151dea8000-7f151deac000 r--s 00024000 08:03 728390                     /usr/local/matlab_R2010a/java/jar/services.jar
7f151deac000-7f151deae000 r--s 00007000 08:03 728387                     /usr/local/matlab_R2010a/java/jar/product.jar
7f151deae000-7f151dec3000 r--s 000c0000 08:03 728386                     /usr/local/matlab_R2010a/java/jar/page.jar
7f151dec3000-7f151dec7000 r--s 00024000 08:03 738403                     /usr/local/matlab_R2010a/java/jar/org/openide.jar
7f151dec7000-7f151dedf000 r--s 00121000 08:03 738404                     /usr/local/matlab_R2010a/java/jar/org/netbeans.jar
7f151dedf000-7f151dee1000 r--s 00002000 08:03 728281                     /usr/local/matlab_R2010a/java/jar/net.jar
7f151dee1000-7f151deee000 r--s 000a2000 08:03 728279                     /usr/local/matlab_R2010a/java/jar/mwt.jar
7f151deee000-7f151df0f000 r--s 00169000 08:03 728278                     /usr/local/matlab_R2010a/java/jar/mwswing.jar
7f151df0f000-7f151df55000 r--s 002b5000 08:03 728277                     /usr/local/matlab_R2010a/java/jar/mlwidgets.jar
7f151df55000-7f151df64000 r--s 000f3000 08:03 728276                     /usr/local/matlab_R2010a/java/jar/mlwebservices.jar
7f151df64000-7f151df67000 r--s 0000d000 08:03 728275                     /usr/local/matlab_R2010a/java/jar/mlservices.jar
7f151df67000-7f151df9f000 r--s 0024f000 08:03 727988                     /usr/local/matlab_R2010a/java/jar/mde.jar
7f151df9f000-7f151dfa2000 r--s 0000c000 08:03 727678                     /usr/local/matlab_R2010a/java/jar/matlab.jar
7f151dfa2000-7f151dfa8000 r--s 00045000 08:03 727677                     /usr/local/matlab_R2010a/java/jar/jmi.jar
7f151dfa8000-7f151dfad000 r--s 00038000 08:03 727676                     /usr/local/matlab_R2010a/java/jar/instwiz.jar
7f151dfad000-7f151dfb0000 r--s 00014000 08:03 727675                     /usr/local/matlab_R2010a/java/jar/instutil.jar
7f151dfb0000-7f151dfb8000 r--s 00066000 08:03 727674                     /usr/local/matlab_R2010a/java/jar/installer.jar
7f151dfb8000-7f151dfbc000 r--s 00034000 08:03 727673                     /usr/local/matlab_R2010a/java/jar/ide.jar
7f151dfbc000-7f151dfc4000 r--s 000a0000 08:03 727672                     /usr/local/matlab_R2010a/java/jar/ice.jar
7f151dfc4000-7f151dfdb000 r--s 000e8000 08:03 727671                     /usr/local/matlab_R2010a/java/jar/hg.jar
7f151dfdb000-7f151e000000 r--s 00164000 08:03 728402                     /usr/local/matlab_R2010a/java/jar/widgets.jar
7f151e000000-7f151e191000 r--s 02a2d000 08:03 135036                     /usr/local/matlab_R2010a/sys/java/jre/glnxa64/jre/lib/rt.jar
7f151e191000-7f151e1a7000 rwxp 7f151e191000 00:00 0 
7f151e1a7000-7f151e1d1000 rwxp 7f151e1a7000 00:00 0 
7f151e1d1000-7f151e1e7000 rwxp 7f151e1d1000 00:00 0 
7f151e1e7000-7f151e211000 rwxp 7f151e1e7000 00:00 0 
7f151e211000-7f151e229000 rwxp 7f151e211000 00:00 0 
7f151e229000-7f151e241000 rwxp 7f151e229000 00:00 0 
7f151e241000-7f151e251000 rwxp 7f151e241000 00:00 0 
7f151e251000-7f151e25c000 rwxp 7f151e251000 00:00 0 
7f151e25c000-7f151e312000 rwxp 7f151e25c000 00:00 0 
7f151e312000-7f151e320000 r-xp 00000000 08:03 151822                     /usr/local/matlab_R2010a/sys/java/jre/glnxa64/jre/lib/amd64/libzip.so
7f151e320000-7f151e422000 ---p 0000e000 08:03 151822                     /usr/local/matlab_R2010a/sys/java/jre/glnxa64/jre/lib/amd64/libzip.so
7f151e422000-7f151e425000 rw-p 00010000 08:03 151822                     /usr/local/matlab_R2010a/sys/java/jre/glnxa64/jre/lib/amd64/libzip.so
7f151e425000-7f151e426000 rw-p 7f151e425000 00:00 0 
7f151e426000-7f151e42d000 r-xp 00000000 08:03 155175                     /usr/local/matlab_R2010a/sys/java/jre/glnxa64/jre/lib/amd64/native_threads/libhpi.so
7f151e42d000-7f151e52e000 ---p 00007000 08:03 155175                     /usr/local/matlab_R2010a/sys/java/jre/glnxa64/jre/lib/amd64/native_threads/libhpi.so
7f151e52e000-7f151e530000 rw-p 00008000 08:03 155175                     /usr/local/matlab_R2010a/sys/java/jre/glnxa64/jre/lib/amd64/native_threads/libhpi.so
7f151e530000-7f151e531000 rw-p 7f151e530000 00:00 0 
7f151e531000-7f151e53e000 r-xp 00000000 08:03 151821                     /usr/local/matlab_R2010a/sys/java/jre/glnxa64/jre/lib/amd64/libverify.so
7f151e53e000-7f151e63d000 ---p 0000d000 08:03 151821                     /usr/local/matlab_R2010a/sys/java/jre/glnxa64/jre/lib/amd64/libverify.so
7f151e63d000-7f151e640000 rw-p 0000c000 08:03 151821                     /usr/local/matlab_R2010a/sys/java/jre/glnxa64/jre/lib/amd64/libverify.so
7f151e640000-7f151eccd000 r-xp 00000000 08:03 155173                     /usr/local/matlab_R2010a/sys/java/jre/glnxa64/jre/lib/amd64/server/libjvm.so
7f151eccd000-7f151edcc000 ---p 0068d000 08:03 155173                     /usr/local/matlab_R2010a/sys/java/jre/glnxa64/jre/lib/amd64/server/libjvm.so
7f151edcc000-7f151ef1d000 rw-p 0068c000 08:03 155173                     /usr/local/matlab_R2010a/sys/java/jre/glnxa64/jre/lib/amd64/server/libjvm.so
7f151ef1d000-7f151ef5a000 rw-p 7f151ef1d000 00:00 0 
7f151ef5a000-7f151ef83000 r-xp 00000000 08:03 151801                     /usr/local/matlab_R2010a/sys/java/jre/glnxa64/jre/lib/amd64/libjava.so
7f151ef83000-7f151f082000 ---p 00029000 08:03 151801                     /usr/local/matlab_R2010a/sys/java/jre/glnxa64/jre/lib/amd64/libjava.so
7f151f082000-7f151f089000 rw-p 00028000 08:03 151801                     /usr/local/matlab_R2010a/sys/java/jre/glnxa64/jre/lib/amd64/libjava.so
7f151f089000-7f151f08b000 r-xp 00000000 08:03 515479                     /usr/lib/libXinerama.so.1.0.0
7f151f08b000-7f151f28a000 ---p 00002000 08:03 515479                     /usr/lib/libXinerama.so.1.0.0
7f151f28a000-7f151f28b000 rw-p 00001000 08:03 515479                     /usr/lib/libXinerama.so.1.0.0
7f151f28b000-7f151f290000 r-xp 00000000 08:03 515471                     /usr/lib/libXfixes.so.3.1.0
7f151f290000-7f151f48f000 ---p 00005000 08:03 515471                     /usr/lib/libXfixes.so.3.1.0
7f151f48f000-7f151f490000 rw-p 00004000 08:03 515471                     /usr/lib/libXfixes.so.3.1.0
7f151f490000-7f151f499000 r-xp 00000000 08:03 515491                     /usr/lib/libXrender.so.1.3.0
7f151f499000-7f151f698000 ---p 00009000 08:03 515491                     /usr/lib/libXrender.so.1.3.0
7f151f698000-7f151f699000 rw-p 00008000 08:03 515491                     /usr/lib/libXrender.so.1.3.0
7f151f699000-7f151f6a2000 r-xp 00000000 08:03 515463                     /usr/lib/libXcursor.so.1.0.2
7f151f6a2000-7f151f8a2000 ---p 00009000 08:03 515463                     /usr/lib/libXcursor.so.1.0.2
7f151f8a2000-7f151f8a3000 rw-p 00009000 08:03 515463                     /usr/lib/libXcursor.so.1.0.2
7f151f8a3000-7f151f8ad000 r-xp 00000000 08:03 910332                     /lib/libnss_files-2.7.so
7f151f8ad000-7f151faad000 ---p 0000a000 08:03 910332                     /lib/libnss_files-2.7.so
7f151faad000-7f151faaf000 rw-p 0000a000 08:03 910332                     /lib/libnss_files-2.7.so
7f151faaf000-7f151fab9000 r-xp 00000000 08:03 910334                     /lib/libnss_nis-2.7.so
7f151fab9000-7f151fcb8000 ---p 0000a000 08:03 910334                     /lib/libnss_nis-2.7.so
7f151fcb8000-7f151fcba000 rw-p 00009000 08:03 910334                     /lib/libnss_nis-2.7.so
7f151fcba000-7f151fcd0000 r-xp 00000000 08:03 910313                     /lib/libnsl-2.7.so
7f151fcd0000-7f151fecf000 ---p 00016000 08:03 910313                     /lib/libnsl-2.7.so
7f151fecf000-7f151fed1000 rw-p 00015000 08:03 910313                     /lib/libnsl-2.7.so
7f151fed1000-7f151fed3000 rw-p 7f151fed1000 00:00 0 
7f151fed3000-7f151fedb000 r-xp 00000000 08:03 910330                     /lib/libnss_compat-2.7.so
7f151fedb000-7f15200da000 ---p 00008000 08:03 910330                     /lib/libnss_compat-2.7.so
7f15200da000-7f15200dc000 rw-p 00007000 08:03 910330                     /lib/libnss_compat-2.7.so
7f15200dc000-7f152011b000 r--p 00000000 08:03 540005                     /usr/lib/locale/fr_FR.utf8/LC_CTYPE
7f152011b000-7f152011c000 r--p 00000000 08:03 540087                     /usr/lib/locale/fr_FR.utf8/LC_NUMERIC
7f152011c000-7f152011d000 r--p 00000000 08:03 539052                     /usr/lib/locale/fr_FR.utf8/LC_TIME
7f152011d000-7f15201fe000 r--p 00000000 08:03 539621                     /usr/lib/locale/fr_FR.utf8/LC_COLLATE
7f15201fe000-7f1520f42000 r--s 00000000 08:03 751488                     /usr/local/matlab_R2010a/bin/glnxa64/icudt40l.dat
7f1520f42000-7f1520f47000 r-xp 00000000 08:03 515467                     /usr/lib/libXdmcp.so.6.0.0
7f1520f47000-7f1521146000 ---p 00005000 08:03 515467                     /usr/lib/libXdmcp.so.6.0.0
7f1521146000-7f1521147000 rw-p 00004000 08:03 515467                     /usr/lib/libXdmcp.so.6.0.0
7f1521147000-7f1521162000 r-xp 00000000 08:03 516457                     /usr/lib/libxcb.so.1.0.0
7f1521162000-7f1521361000 ---p 0001b000 08:03 516457                     /usr/lib/libxcb.so.1.0.0
7f1521361000-7f1521362000 rw-p 0001a000 08:03 516457                     /usr/lib/libxcb.so.1.0.0
7f1521362000-7f1521363000 r-xp 00000000 08:03 516453                     /usr/lib/libxcb-xlib.so.0.0.0
7f1521363000-7f1521562000 ---p 00001000 08:03 516453                     /usr/lib/libxcb-xlib.so.0.0.0
7f1521562000-7f1521563000 rw-p 00000000 08:03 516453                     /usr/lib/libxcb-xlib.so.0.0.0
7f1521563000-7f1521565000 r-xp 00000000 08:03 515456                     /usr/lib/libXau.so.6.0.0
7f1521565000-7f1521764000 ---p 00002000 08:03 515456                     /usr/lib/libXau.so.6.0.0
7f1521764000-7f1521765000 rw-p 00001000 08:03 515456                     /usr/lib/libXau.so.6.0.0
7f1521765000-7f152176d000 r-xp 00000000 08:03 515485                     /usr/lib/libXp.so.6.2.0
7f152176d000-7f152196d000 ---p 00008000 08:03 515485                     /usr/lib/libXp.so.6.2.0
7f152196d000-7f152196e000 rw-p 00008000 08:03 515485                     /usr/lib/libXp.so.6.2.0
7f152196e000-7f1521985000 r-xp 00000000 08:03 515400                     /usr/lib/libICE.so.6.3.0
7f1521985000-7f1521b84000 ---p 00017000 08:03 515400                     /usr/lib/libICE.so.6.3.0
7f1521b84000-7f1521b86000 rw-p 00016000 08:03 515400                     /usr/lib/libICE.so.6.3.0
7f1521b86000-7f1521b89000 rw-p 7f1521b86000 00:00 0 
7f1521b89000-7f1521b91000 r-xp 00000000 08:03 515448                     /usr/lib/libSM.so.6.0.0
7f1521b91000-7f1521d90000 ---p 00008000 08:03 515448                     /usr/lib/libSM.so.6.0.0
7f1521d90000-7f1521d91000 rw-p 00007000 08:03 515448                     /usr/lib/libSM.so.6.0.0
7f1521d91000-7f1521da9000 r-xp 00000000 08:03 515481                     /usr/lib/libXmu.so.6.2.0
7f1521da9000-7f1521fa8000 ---p 00018000 08:03 515481                     /usr/lib/libXmu.so.6.2.0
7f1521fa8000-7f1521faa000 rw-p 00017000 08:03 515481                     /usr/lib/libXmu.so.6.2.0
7f1521faa000-7f1521fb2000 r-xp 00000000 08:03 751553                     /usr/local/matlab_R2010a/bin/glnxa64/libmwbinder.so
7f1521fb2000-7f15221b1000 ---p 00008000 08:03 751553                     /usr/local/matlab_R2010a/bin/glnxa64/libmwbinder.so
7f15221b1000-7f15221b2000 rw-p 00007000 08:03 751553                     /usr/local/matlab_R2010a/bin/glnxa64/libmwbinder.so
7f15221b2000-7f1522454000 r-xp 00000000 08:03 751657                     /usr/local/matlab_R2010a/bin/glnxa64/libhdf5.so.6.0.2
7f1522454000-7f1522653000 ---p 002a2000 08:03 751657                     /usr/local/matlab_R2010a/bin/glnxa64/libhdf5.so.6.0.2
7f1522653000-7f152265e000 rw-p 002a1000 08:03 751657                     /usr/local/matlab_R2010a/bin/glnxa64/libhdf5.so.6.0.2
7f152265e000-7f152265f000 rw-p 7f152265e000 00:00 0 
7f152265f000-7f152267b000 r-xp 00000000 08:03 751659                     /usr/local/matlab_R2010a/bin/glnxa64/libhdf5_hl.so.6.0.2
7f152267b000-7f152287a000 ---p 0001c000 08:03 751659                     /usr/local/matlab_R2010a/bin/glnxa64/libhdf5_hl.so.6.0.2
7f152287a000-7f152287b000 rw-p 0001b000 08:03 751659                     /usr/local/matlab_R2010a/bin/glnxa64/libhdf5_hl.so.6.0.2
7f152287b000-7f152288c000 rw-p 7f152287b000 00:00 0 
7f152288c000-7f152289d000 r-xp 00000000 08:03 515487                     /usr/lib/libXpm.so.4.11.0
7f152289d000-7f1522a9c000 ---p 00011000 08:03 515487                     /usr/lib/libXpm.so.4.11.0
7f1522a9c000-7f1522a9d000 rw-p 00010000 08:03 515487                     /usr/lib/libXpm.so.4.11.0
7f1522a9d000-7f1522b9c000 r-xp 00000000 08:03 515452                     /usr/lib/libX11.so.6.2.0
7f1522b9c000-7f1522d9b000 ---p 000ff000 08:03 515452                     /usr/lib/libX11.so.6.2.0
7f1522d9b000-7f1522da0000 rw-p 000fe000 08:03 515452                     /usr/lib/libX11.so.6.2.0
7f1522da0000-7f1522dfd000 r-xp 00000000 08:03 515495                     /usr/lib/libXt.so.6.0.0
7f1522dfd000-7f1522ffd000 ---p 0005d000 08:03 515495                     /usr/lib/libXt.so.6.0.0
7f1522ffd000-7f1523003000 rw-p 0005d000 08:03 515495                     /usr/lib/libXt.so.6.0.0
7f1523003000-7f1523004000 rw-p 7f1523003000 00:00 0 
7f1523004000-7f1523015000 r-xp 00000000 08:03 515469                     /usr/lib/libXext.so.6.4.0
7f1523015000-7f1523214000 ---p 00011000 08:03 515469                     /usr/lib/libXext.so.6.4.0
7f1523214000-7f1523215000 rw-p 00010000 08:03 515469                     /usr/lib/libXext.so.6.4.0
7f1523215000-7f1523488000 r-xp 00000000 08:03 1135377                    /usr/local/matlab_R2010a/sys/os/glnxa64/libXm.so.3.0.2
7f1523488000-7f1523688000 ---p 00273000 08:03 1135377                    /usr/local/matlab_R2010a/sys/os/glnxa64/libXm.so.3.0.2
7f1523688000-7f15236b2000 rw-p 00273000 08:03 1135377                    /usr/local/matlab_R2010a/sys/os/glnxa64/libXm.so.3.0.2
7f15236b2000-7f15236b3000 rw-p 7f15236b2000 00:00 0 
7f15236b3000-7f152375b000 r-xp 00000000 08:03 751557                     /usr/local/matlab_R2010a/bin/glnxa64/libmwlapack.so
7f152375b000-7f152395b000 ---p 000a8000 08:03 751557                     /usr/local/matlab_R2010a/bin/glnxa64/libmwlapack.so
7f152395b000-7f1523964000 rw-p 000a8000 08:03 751557                     /usr/local/matlab_R2010a/bin/glnxa64/libmwlapack.so
7f1523964000-7f1523b15000 r-xp 00000000 08:03 751643                     /usr/local/matlab_R2010a/bin/glnxa64/libmwhgdatatypes.so
7f1523b15000-7f1523d15000 ---p 001b1000 08:03 751643                     /usr/local/matlab_R2010a/bin/glnxa64/libmwhgdatatypes.so
7f1523d15000-7f1523d2c000 rw-p 001b1000 08:03 751643                     /usr/local/matlab_R2010a/bin/glnxa64/libmwhgdatatypes.so
7f1523d2c000-7f1523d57000 r-xp 00000000 08:03 751543                     /usr/local/matlab_R2010a/bin/glnxa64/libmwhardcopy.so
7f1523d57000-7f1523f56000 ---p 0002b000 08:03 751543                     /usr/local/matlab_R2010a/bin/glnxa64/libmwhardcopy.so
7f1523f56000-7f1523f59000 rw-p 0002a000 08:03 751543                     /usr/local/matlab_R2010a/bin/glnxa64/libmwhardcopy.so
7f1523f59000-7f1523f68000 r-xp 00000000 08:03 751637                     /usr/local/matlab_R2010a/bin/glnxa64/libmwir_xfmr.so
7f1523f68000-7f1524168000 ---p 0000f000 08:03 751637                     /usr/local/matlab_R2010a/bin/glnxa64/libmwir_xfmr.so
7f1524168000-7f1524169000 rw-p 0000f000 08:03 751637                     /usr/local/matlab_R2010a/bin/glnxa64/libmwir_xfmr.so
7f1524169000-7f15241e3000 r-xp 00000000 08:03 751473                     /usr/local/matlab_R2010a/bin/glnxa64/libboost_serialization-gcc42-mt-1_36.so.1.36.0
7f15241e3000-7f15243e2000 ---p 0007a000 08:03 751473                     /usr/local/matlab_R2010a/bin/glnxa64/libboost_serialization-gcc42-mt-1_36.so.1.36.0
7f15243e2000-7f15243e8000 rw-p 00079000 08:03 751473                     /usr/local/matlab_R2010a/bin/glnxa64/libboost_serialization-gcc42-mt-1_36.so.1.36.0
7f15243e8000-7f1524427000 r-xp 00000000 08:03 751612                     /usr/local/matlab_R2010a/bin/glnxa64/libmwspmatrix.so
7f1524427000-7f1524626000 ---p 0003f000 08:03 751612                     /usr/local/matlab_R2010a/bin/glnxa64/libmwspmatrix.so
7f1524626000-7f1524627000 rw-p 0003e000 08:03 751612                     /usr/local/matlab_R2010a/bin/glnxa64/libmwspmatrix.so
7f1524627000-7f152463f000 r-xp 00000000 08:03 751581                     /usr/local/matlab_R2010a/bin/glnxa64/libmwm_pcodegen.so
7f152463f000-7f152483f000 ---p 00018000 08:03 751581                     /usr/local/matlab_R2010a/bin/glnxa64/libmwm_pcodegen.so
7f152483f000-7f1524841000 rw-p 00018000 08:03 751581                     /usr/local/matlab_R2010a/bin/glnxa64/libmwm_pcodegen.so
7f1524841000-7f1524853000 r-xp 00000000 08:03 751579                     /usr/local/matlab_R2010a/bin/glnxa64/libmwm_pcodeio.so
7f1524853000-7f1524a53000 ---p 00012000 08:03 751579                     /usr/local/matlab_R2010a/bin/glnxa64/libmwm_pcodeio.so
7f1524a53000-7f1524a54000 rw-p 00012000 08:03 751579                     /usr/local/matlab_R2010a/bin/glnxa64/libmwm_pcodeio.so
7f1524a54000-7f1524a5f000 r-xp 00000000 08:03 751585                     /usr/local/matlab_R2010a/bin/glnxa64/libmwmlib.so
7f1524a5f000-7f1524c5e000 ---p 0000b000 08:03 751585                     /usr/local/matlab_R2010a/bin/glnxa64/libmwmlib.so
7f1524c5e000-7f1524c60000 rw-p 0000a000 08:03 751585                     /usr/local/matlab_R2010a/bin/glnxa64/libmwmlib.so
7f1524c60000-7f1524c85000 r-xp 00000000 08:03 751624                     /usr/local/matlab_R2010a/bin/glnxa64/libmwmathrng.so
7f1524c85000-7f1524e85000 ---p 00025000 08:03 751624                     /usr/local/matlab_R2010a/bin/glnxa64/libmwmathrng.so
7f1524e85000-7f1524e87000 rw-p 00025000 08:03 751624                     /usr/local/matlab_R2010a/bin/glnxa64/libmwmathrng.so
7f1524e87000-7f1524e88000 rw-p 7f1524e87000 00:00 0 
7f1524e88000-7f1524ec3000 r-xp 00000000 08:03 751529                     /usr/local/matlab_R2010a/bin/glnxa64/libmwprofiler.so
7f1524ec3000-7f15250c3000 ---p 0003b000 08:03 751529                     /usr/local/matlab_R2010a/bin/glnxa64/libmwprofiler.so
7f15250c3000-7f15250c6000 rw-p 0003b000 08:03 751529                     /usr/local/matlab_R2010a/bin/glnxa64/libmwprofiler.so
7f15250c6000-7f1525100000 r-xp 00000000 08:03 751527                     /usr/local/matlab_R2010a/bin/glnxa64/libmat.so
7f1525100000-7f1525300000 ---p 0003a000 08:03 751527                     /usr/local/matlab_R2010a/bin/glnxa64/libmat.so
7f1525300000-7f1525303000 rw-p 0003a000 08:03 751527                     /usr/local/matlab_R2010a/bin/glnxa64/libmat.so
7f1525303000-7f15256c9000 r-xp 00000000 08:03 751490                     /usr/local/matlab_R2010a/bin/glnxa64/libxerces-c.so.27.0
7f15256c9000-7f15258c8000 ---p 003c6000 08:03 751490                     /usr/local/matlab_R2010a/bin/glnxa64/libxerces-c.so.27.0
7f15258c8000-7f152590c000 rw-p 003c5000 08:03 751490                     /usr/local/matlab_R2010a/bin/glnxa64/libxerces-c.so.27.0
7f152590c000-7f152590d000 rw-p 7f152590c000 00:00 0 
7f152590d000-7f15259d0000 r-xp 00000000 08:03 751472                     /usr/local/matlab_R2010a/bin/glnxa64/libboost_regex-gcc42-mt-1_36.so.1.36.0
7f15259d0000-7f1525bcf000 ---p 000c3000 08:03 751472                     /usr/local/matlab_R2010a/bin/glnxa64/libboost_regex-gcc42-mt-1_36.so.1.36.0
7f1525bcf000-7f1525bd5000 rw-p 000c2000 08:03 751472                     /usr/local/matlab_R2010a/bin/glnxa64/libboost_regex-gcc42-mt-1_36.so.1.36.0
7f1525bd5000-7f1525c4e000 r-xp 00000000 08:03 751629                     /usr/local/matlab_R2010a/bin/glnxa64/libmwxmlcore.so
7f1525c4e000-7f1525e4d000 ---p 00079000 08:03 751629                     /usr/local/matlab_R2010a/bin/glnxa64/libmwxmlcore.so
7f1525e4d000-7f1525e55000 rw-p 00078000 08:03 751629                     /usr/local/matlab_R2010a/bin/glnxa64/libmwxmlcore.so
7f1525e55000-7f1525e56000 rw-p 7f1525e55000 00:00 0 
7f1525e56000-7f1525f95000 r-xp 00000000 08:03 751567                     /usr/local/matlab_R2010a/bin/glnxa64/libmwuix.so
7f1525f95000-7f1526195000 ---p 0013f000 08:03 751567                     /usr/local/matlab_R2010a/bin/glnxa64/libmwuix.so
7f1526195000-7f15261a9000 rw-p 0013f000 08:03 751567                     /usr/local/matlab_R2010a/bin/glnxa64/libmwuix.so
7f15261a9000-7f15261ae000 rw-p 7f15261a9000 00:00 0 
7f15261ae000-7f15261f5000 r-xp 00000000 08:03 751592                     /usr/local/matlab_R2010a/bin/glnxa64/libmwm_ir.so
7f15261f5000-7f15263f5000 ---p 00047000 08:03 751592                     /usr/local/matlab_R2010a/bin/glnxa64/libmwm_ir.so
7f15263f5000-7f15263fd000 rw-p 00047000 08:03 751592                     /usr/local/matlab_R2010a/bin/glnxa64/libmwm_ir.so
7f15263fd000-7f1526402000 r-xp 00000000 08:03 751565                     /usr/local/matlab_R2010a/bin/glnxa64/libmwuinone.so
7f1526402000-7f1526602000 ---p 00005000 08:03 751565                     /usr/local/matlab_R2010a/bin/glnxa64/libmwuinone.so
7f1526602000-7f1526603000 rw-p 00005000 08:03 751565                     /usr/local/matlab_R2010a/bin/glnxa64/libmwuinone.so
7f1526603000-7f1526697000 r-xp 00000000 08:03 751600                     /usr/local/matlab_R2010a/bin/glnxa64/libmwudd_mi.so
7f1526697000-7f1526897000 ---p 00094000 08:03 751600                     /usr/local/matlab_R2010a/bin/glnxa64/libmwudd_mi.so
7f1526897000-7f15268a2000 rw-p 00094000 08:03 751600                     /usr/local/matlab_R2010a/bin/glnxa64/libmwudd_mi.so
7f15268a2000-7f15268a3000 rw-p 7f15268a2000 00:00 0 
7f15268a3000-7f15268ea000 r-xp 00000000 08:03 751633                     /usr/local/matlab_R2010a/bin/glnxa64/libuij.so
7f15268ea000-7f1526aea000 ---p 00047000 08:03 751633                     /usr/local/matlab_R2010a/bin/glnxa64/libuij.so
7f1526aea000-7f1526aec000 rw-p 00047000 08:03 751633                     /usr/local/matlab_R2010a/bin/glnxa64/libuij.so
7f1526aec000-7f1526aed000 rw-p 7f1526aec000 00:00 0 
7f1526aed000-7f1526b84000 r-xp 00000000 08:03 751547                     /usr/local/matlab_R2010a/bin/glnxa64/libmwhgutils.so
7f1526b84000-7f1526d84000 ---p 00097000 08:03 751547                     /usr/local/matlab_R2010a/bin/glnxa64/libmwhgutils.so
7f1526d84000-7f1526d8c000 rw-p 00097000 08:03 751547                     /usr/local/matlab_R2010a/bin/glnxa64/libmwhgutils.so
7f1526d8c000-7f152748b000 r-xp 00000000 08:03 751551                     /usr/local/matlab_R2010a/bin/glnxa64/libmwhg.so
7f152748b000-7f152768a000 ---p 006ff000 08:03 751551                     /usr/local/matlab_R2010a/bin/glnxa64/libmwhg.so
7f152768a000-7f1527724000 rw-p 006fe000 08:03 751551                     /usr/local/matlab_R2010a/bin/glnxa64/libmwhg.so
7f1527724000-7f152772d000 rw-p 7f1527724000 00:00 0 
7f152772d000-7f1527839000 r-xp 00000000 08:03 751569                     /usr/local/matlab_R2010a/bin/glnxa64/libmwgui.so
7f1527839000-7f1527a39000 ---p 0010c000 08:03 751569                     /usr/local/matlab_R2010a/bin/glnxa64/libmwgui.so
7f1527a39000-7f1527a74000 rw-p 0010c000 08:03 751569                     /usr/local/matlab_R2010a/bin/glnxa64/libmwgui.so
7f1527a74000-7f1527a75000 rw-p 7f1527a74000 00:00 0 
7f1527a75000-7f1527ca0000 r-xp 00000000 08:03 751635                     /usr/local/matlab_R2010a/bin/glnxa64/libmwmcos.so
7f1527ca0000-7f1527ea0000 ---p 0022b000 08:03 751635                     /usr/local/matlab_R2010a/bin/glnxa64/libmwmcos.so
7f1527ea0000-7f1527ec3000 rw-p 0022b000 08:03 751635                     /usr/local/matlab_R2010a/bin/glnxa64/libmwmcos.so
7f1527ec3000-7f1527eca000 r-xp 00000000 08:03 751573                     /usr/local/matlab_R2010a/bin/glnxa64/libmwmtok.so
7f1527eca000-7f15280c9000 ---p 00007000 08:03 751573                     /usr/local/matlab_R2010a/bin/glnxa64/libmwmtok.so
7f15280c9000-7f15280ca000 rw-p 00006000 08:03 751573                     /usr/local/matlab_R2010a/bin/glnxa64/libmwmtok.so
7f15280ca000-7f152813f000 r-xp 00000000 08:03 751575                     /usr/local/matlab_R2010a/bin/glnxa64/libmwmlint.so
7f152813f000-7f152833f000 ---p 00075000 08:03 751575                     /usr/local/matlab_R2010a/bin/glnxa64/libmwmlint.so
7f152833f000-7f1528346000 rw-p 00075000 08:03 751575                     /usr/local/matlab_R2010a/bin/glnxa64/libmwmlint.so
7f1528346000-7f152835c000 r-xp 00000000 08:03 751605                     /usr/local/matlab_R2010a/bin/glnxa64/libmwi18n.so
7f152835c000-7f152855c000 ---p 00016000 08:03 751605                     /usr/local/matlab_R2010a/bin/glnxa64/libmwi18n.so
7f152855c000-7f152855d000 rw-p 00016000 08:03 751605                     /usr/local/matlab_R2010a/bin/glnxa64/libmwi18n.so
7f152855d000-7f1528626000 r-xp 00000000 08:03 751588                     /usr/local/matlab_R2010a/bin/glnxa64/libmwudd.so
7f1528626000-7f1528825000 ---p 000c9000 08:03 751588                     /usr/local/matlab_R2010a/bin/glnxa64/libmwudd.so
7f1528825000-7f152883b000 rw-p 000c8000 08:03 751588                     /usr/local/matlab_R2010a/bin/glnxa64/libmwudd.so
7f152883b000-7f152883e000 rw-p 7f152883b000 00:00 0 
7f152883e000-7f1528a7b000 r-xp 00000000 08:03 751577                     /usr/local/matlab_R2010a/bin/glnxa64/libmwm_parser.so
7f1528a7b000-7f1528c7a000 ---p 0023d000 08:03 751577                     /usr/local/matlab_R2010a/bin/glnxa64/libmwm_parser.so
7f1528c7a000-7f15290e0000 rw-p 0023c000 08:03 751577                     /usr/local/matlab_R2010a/bin/glnxa64/libmwm_parser.so
7f15290e0000-7f15290e1000 rw-p 7f15290e0000 00:00 0 
7f15290e1000-7f15290ef000 r-xp 00000000 08:03 751525                     /usr/local/matlab_R2010a/bin/glnxa64/libmex.so
7f15290ef000-7f15292ef000 ---p 0000e000 08:03 751525                     /usr/local/matlab_R2010a/bin/glnxa64/libmex.so
7f15292ef000-7f15292f0000 rw-p 0000e000 08:03 751525                     /usr/local/matlab_R2010a/bin/glnxa64/libmex.so
7f15292f0000-7f152936a000 r-xp 00000000 08:03 751531                     /usr/local/matlab_R2010a/bin/glnxa64/libmwiqm.so
7f152936a000-7f1529569000 ---p 0007a000 08:03 751531                     /usr/local/matlab_R2010a/bin/glnxa64/libmwiqm.so
7f1529569000-7f152956f000 rw-p 00079000 08:03 751531                     /usr/local/matlab_R2010a/bin/glnxa64/libmwiqm.so
7f152956f000-7f15295a6000 r-xp 00000000 08:03 905840                     /lib/libncurses.so.5.6
7f15295a6000-7f15297a5000 ---p 00037000 08:03 905840                     /lib/libncurses.so.5.6
7f15297a5000-7f15297aa000 rw-p 00036000 08:03 905840                     /lib/libncurses.so.5.6
7f15297aa000-7f1529814000 r-xp 00000000 08:03 751614                     /usr/local/matlab_R2010a/bin/glnxa64/libmwmathutil.so
7f1529814000-7f1529a14000 ---p 0006a000 08:03 751614                     /usr/local/matlab_R2010a/bin/glnxa64/libmwmathutil.so
7f1529a14000-7f1529a15000 rw-p 0006a000 08:03 751614                     /usr/local/matlab_R2010a/bin/glnxa64/libmwmathutil.so
7f1529a15000-7f1529aec000 r-xp 00000000 08:03 751533                     /usr/local/matlab_R2010a/bin/glnxa64/libmwmlutil.so
7f1529aec000-7f1529cec000 ---p 000d7000 08:03 751533                     /usr/local/matlab_R2010a/bin/glnxa64/libmwmlutil.so
7f1529cec000-7f1529cf2000 rw-p 000d7000 08:03 751533                     /usr/local/matlab_R2010a/bin/glnxa64/libmwmlutil.so
7f1529cf2000-7f1529cfa000 rw-p 7f1529cf2000 00:00 0 
7f1529cfa000-7f1529d10000 r-xp 00000000 08:03 516469                     /usr/lib/libz.so.1.2.3.3
7f1529d10000-7f1529f10000 ---p 00016000 08:03 516469                     /usr/lib/libz.so.1.2.3.3
7f1529f10000-7f1529f11000 rw-p 00016000 08:03 516469                     /usr/lib/libz.so.1.2.3.3
7f1529f11000-7f1529f23000 r-xp 00000000 08:03 751699                     /usr/local/matlab_R2010a/bin/glnxa64/libtbbmalloc.so.2
7f1529f23000-7f152a022000 ---p 00012000 08:03 751699                     /usr/local/matlab_R2010a/bin/glnxa64/libtbbmalloc.so.2
7f152a022000-7f152a024000 rw-p 00011000 08:03 751699                     /usr/local/matlab_R2010a/bin/glnxa64/libtbbmalloc.so.2
7f152a024000-7f152a03b000 r-xp 00000000 08:03 751467                     /usr/local/matlab_R2010a/bin/glnxa64/libboost_filesystem-gcc42-mt-1_36.so.1.36.0
7f152a03b000-7f152a23a000 ---p 00017000 08:03 751467                     /usr/local/matlab_R2010a/bin/glnxa64/libboost_filesystem-gcc42-mt-1_36.so.1.36.0
7f152a23a000-7f152a23c000 rw-p 00016000 08:03 751467                     /usr/local/matlab_R2010a/bin/glnxa64/libboost_filesystem-gcc42-mt-1_36.so.1.36.0
7f152a23c000-7f152a23f000 r-xp 00000000 08:03 751475                     /usr/local/matlab_R2010a/bin/glnxa64/libboost_system-gcc42-mt-1_36.so.1.36.0
7f152a23f000-7f152a43e000 ---p 00003000 08:03 751475                     /usr/local/matlab_R2010a/bin/glnxa64/libboost_system-gcc42-mt-1_36.so.1.36.0
7f152a43e000-7f152a43f000 rw-p 00002000 08:03 751475                     /usr/local/matlab_R2010a/bin/glnxa64/libboost_system-gcc42-mt-1_36.so.1.36.0
7f152a43f000-7f152a454000 r-xp 00000000 08:03 751474                     /usr/local/matlab_R2010a/bin/glnxa64/libboost_signals-gcc42-mt-1_36.so.1.36.0
7f152a454000-7f152a653000 ---p 00015000 08:03 751474                     /usr/local/matlab_R2010a/bin/glnxa64/libboost_signals-gcc42-mt-1_36.so.1.36.0
7f152a653000-7f152a654000 rw-p 00014000 08:03 751474                     /usr/local/matlab_R2010a/bin/glnxa64/libboost_signals-gcc42-mt-1_36.so.1.36.0
7f152a654000-7f152a664000 r-xp 00000000 08:03 751476                     /usr/local/matlab_R2010a/bin/glnxa64/libboost_thread-gcc42-mt-1_36.so.1.36.0
7f152a664000-7f152a863000 ---p 00010000 08:03 751476                     /usr/local/matlab_R2010a/bin/glnxa64/libboost_thread-gcc42-mt-1_36.so.1.36.0
7f152a863000-7f152a865000 rw-p 0000f000 08:03 751476                     /usr/local/matlab_R2010a/bin/glnxa64/libboost_thread-gcc42-mt-1_36.so.1.36.0
7f152a865000-7f152a870000 r-xp 00000000 08:03 751487                     /usr/local/matlab_R2010a/bin/glnxa64/libicuio.so.40.0
7f152a870000-7f152aa6f000 ---p 0000b000 08:03 751487                     /usr/local/matlab_R2010a/bin/glnxa64/libicuio.so.40.0
7f152aa6f000-7f152aa71000 rw-p 0000a000 08:03 751487                     /usr/local/matlab_R2010a/bin/glnxa64/libicuio.so.40.0
7f152aa71000-7f152abe9000 r-xp 00000000 08:03 751485                     /usr/local/matlab_R2010a/bin/glnxa64/libicui18n.so.40.0
7f152abe9000-7f152ade8000 ---p 00178000 08:03 751485                     /usr/local/matlab_R2010a/bin/glnxa64/libicui18n.so.40.0
7f152ade8000-7f152adf5000 rw-p 00177000 08:03 751485                     /usr/local/matlab_R2010a/bin/glnxa64/libicui18n.so.40.0
7f152adf5000-7f152af29000 r-xp 00000000 08:03 751483                     /usr/local/matlab_R2010a/bin/glnxa64/libicuuc.so.40.0
7f152af29000-7f152b129000 ---p 00134000 08:03 751483                     /usr/local/matlab_R2010a/bin/glnxa64/libicuuc.so.40.0
7f152b129000-7f152b139000 rw-p 00134000 08:03 751483                     /usr/local/matlab_R2010a/bin/glnxa64/libicuuc.so.40.0
7f152b139000-7f152b13b000 rw-p 7f152b139000 00:00 0 
7f152b13b000-7f152b13c000 r-xp 00000000 08:03 751481                     /usr/local/matlab_R2010a/bin/glnxa64/libicudata.so.40.0
7f152b13c000-7f152b33b000 ---p 00001000 08:03 751481                     /usr/local/matlab_R2010a/bin/glnxa64/libicudata.so.40.0
7f152b33b000-7f152b33c000 rw-p 00000000 08:03 751481                     /usr/local/matlab_R2010a/bin/glnxa64/libicudata.so.40.0
7f152b33c000-7f152b35d000 r-xp 00000000 08:03 751668                     /usr/local/matlab_R2010a/bin/glnxa64/libexpat.so.1.5.0
7f152b35d000-7f152b55c000 ---p 00021000 08:03 751668                     /usr/local/matlab_R2010a/bin/glnxa64/libexpat.so.1.5.0
7f152b55c000-7f152b55f000 rw-p 00020000 08:03 751668                     /usr/local/matlab_R2010a/bin/glnxa64/libexpat.so.1.5.0
7f152b55f000-7f152b561000 r-xp 00000000 08:03 910307                     /lib/libdl-2.7.so
7f152b561000-7f152b761000 ---p 00002000 08:03 910307                     /lib/libdl-2.7.so
7f152b761000-7f152b763000 rw-p 00002000 08:03 910307                     /lib/libdl-2.7.so
7f152b763000-7f152b76b000 r-xp 00000000 08:03 910339                     /lib/librt-2.7.so
7f152b76b000-7f152b96a000 ---p 00008000 08:03 910339                     /lib/librt-2.7.so
7f152b96a000-7f152b96c000 rw-p 00007000 08:03 910339                     /lib/librt-2.7.so
7f152b96c000-7f152bac4000 r-xp 00000000 08:03 910097                     /lib/libc-2.7.so
7f152bac4000-7f152bcc4000 ---p 00158000 08:03 910097                     /lib/libc-2.7.so
7f152bcc4000-7f152bcc7000 r--p 00158000 08:03 910097                     /lib/libc-2.7.so
7f152bcc7000-7f152bcc9000 rw-p 0015b000 08:03 910097                     /lib/libc-2.7.so
7f152bcc9000-7f152bcce000 rw-p 7f152bcc9000 00:00 0 
7f152bcce000-7f152bce4000 r-xp 00000000 08:03 910337                     /lib/libpthread-2.7.so
7f152bce4000-7f152bee4000 ---p 00016000 08:03 910337                     /lib/libpthread-2.7.so
7f152bee4000-7f152bee6000 rw-p 00016000 08:03 910337                     /lib/libpthread-2.7.so
7f152bee6000-7f152beea000 rw-p 7f152bee6000 00:00 0 
7f152beea000-7f152bef7000 r-xp 00000000 08:03 1135362                    /usr/local/matlab_R2010a/sys/os/glnxa64/libgcc_s.so.1
7f152bef7000-7f152c0f6000 ---p 0000d000 08:03 1135362                    /usr/local/matlab_R2010a/sys/os/glnxa64/libgcc_s.so.1
7f152c0f6000-7f152c0f7000 rw-p 0000c000 08:03 1135362                    /usr/local/matlab_R2010a/sys/os/glnxa64/libgcc_s.so.1
7f152c0f7000-7f152c177000 r-xp 00000000 08:03 910308                     /lib/libm-2.7.so
7f152c177000-7f152c376000 ---p 00080000 08:03 910308                     /lib/libm-2.7.so
7f152c376000-7f152c378000 rw-p 0007f000 08:03 910308                     /lib/libm-2.7.so
7f152c378000-7f152c45f000 r-xp 00000000 08:03 1135361                    /usr/local/matlab_R2010a/sys/os/glnxa64/libstdc++.so.6.0.9
7f152c45f000-7f152c65e000 ---p 000e7000 08:03 1135361                    /usr/local/matlab_R2010a/sys/os/glnxa64/libstdc++.so.6.0.9
7f152c65e000-7f152c665000 r--p 000e6000 08:03 1135361                    /usr/local/matlab_R2010a/sys/os/glnxa64/libstdc++.so.6.0.9
7f152c665000-7f152c667000 rw-p 000ed000 08:03 1135361                    /usr/local/matlab_R2010a/sys/os/glnxa64/libstdc++.so.6.0.9
7f152c667000-7f152c67a000 rw-p 7f152c667000 00:00 0 
7f152c67a000-7f152cb53000 r-xp 00000000 08:03 751583                     /usr/local/matlab_R2010a/bin/glnxa64/libmwm_interpreter.so
7f152cb53000-7f152cd53000 ---p 004d9000 08:03 751583                     /usr/local/matlab_R2010a/bin/glnxa64/libmwm_interpreter.so
7f152cd53000-7f152ce28000 rw-p 004d9000 08:03 751583                     /usr/local/matlab_R2010a/bin/glnxa64/libmwm_interpreter.so
7f152ce28000-7f152cec7000 rw-p 7f152ce28000 00:00 0 
7f152cec7000-7f152cf3f000 r-xp 00000000 08:03 751571                     /usr/local/matlab_R2010a/bin/glnxa64/libmwm_dispatcher.so
7f152cf3f000-7f152d13e000 ---p 00078000 08:03 751571                     /usr/local/matlab_R2010a/bin/glnxa64/libmwm_dispatcher.so
7f152d13e000-7f152d144000 rw-p 00077000 08:03 751571                     /usr/local/matlab_R2010a/bin/glnxa64/libmwm_dispatcher.so
7f152d144000-7f152d1a7000 r-xp 00000000 08:03 751537                     /usr/local/matlab_R2010a/bin/glnxa64/libmwmcr.so
7f152d1a7000-7f152d3a7000 ---p 00063000 08:03 751537                     /usr/local/matlab_R2010a/bin/glnxa64/libmwmcr.so
7f152d3a7000-7f152d3ac000 rw-p 00063000 08:03 751537                     /usr/local/matlab_R2010a/bin/glnxa64/libmwmcr.so
7f152d3ac000-7f152d3b2000 rw-p 7f152d3ac000 00:00 0 
7f152d3b2000-7f152d3d7000 r-xp 00000000 08:03 751535                     /usr/local/matlab_R2010a/bin/glnxa64/libmwbridge.so
7f152d3d7000-7f152d5d6000 ---p 00025000 08:03 751535                     /usr/local/matlab_R2010a/bin/glnxa64/libmwbridge.so
7f152d5d6000-7f152d5d9000 rw-p 00024000 08:03 751535                     /usr/local/matlab_R2010a/bin/glnxa64/libmwbridge.so
7f152d5d9000-7f152d5df000 rw-p 7f152d5d9000 00:00 0 
7f152d5df000-7f152d63d000 r-xp 00000000 08:03 751590                     /usr/local/matlab_R2010a/bin/glnxa64/libmwjmi.so
7f152d63d000-7f152d83d000 ---p 0005e000 08:03 751590                     /usr/local/matlab_R2010a/bin/glnxa64/libmwjmi.so
7f152d83d000-7f152d841000 rw-p 0005e000 08:03 751590                     /usr/local/matlab_R2010a/bin/glnxa64/libmwjmi.so
7f152d841000-7f152d842000 rw-p 7f152d841000 00:00 0 
7f152d842000-7f152d9d7000 r-xp 00000000 08:03 751598                     /usr/local/matlab_R2010a/bin/glnxa64/libmwservices.so
7f152d9d7000-7f152dbd6000 ---p 00195000 08:03 751598                     /usr/local/matlab_R2010a/bin/glnxa64/libmwservices.so
7f152dbd6000-7f152dbe4000 rw-p 00194000 08:03 751598                     /usr/local/matlab_R2010a/bin/glnxa64/libmwservices.so
7f152dbe4000-7f152dbf4000 rw-p 7f152dbe4000 00:00 0 
7f152dbf4000-7f152dc2b000 r-xp 00000000 08:03 751563                     /usr/local/matlab_R2010a/bin/glnxa64/libmwmpath.so
7f152dc2b000-7f152de2b000 ---p 00037000 08:03 751563                     /usr/local/matlab_R2010a/bin/glnxa64/libmwmpath.so
7f152de2b000-7f152de2e000 rw-p 00037000 08:03 751563                     /usr/local/matlab_R2010a/bin/glnxa64/libmwmpath.so
7f152de2e000-7f152de30000 rw-p 7f152de2e000 00:00 0 
7f152de30000-7f152de91000 r-xp 00000000 08:03 751603                     /usr/local/matlab_R2010a/bin/glnxa64/libmx.so
7f152de91000-7f152e091000 ---p 00061000 08:03 751603                     /usr/local/matlab_R2010a/bin/glnxa64/libmx.so
7f152e091000-7f152e094000 rw-p 00061000 08:03 751603                     /usr/local/matlab_R2010a/bin/glnxa64/libmx.so
7f152e094000-7f152e133000 r-xp 00000000 08:03 751607                     /usr/local/matlab_R2010a/bin/glnxa64/libmwfl.so
7f152e133000-7f152e333000 ---p 0009f000 08:03 751607                     /usr/local/matlab_R2010a/bin/glnxa64/libmwfl.so
7f152e333000-7f152e33b000 rw-p 0009f000 08:03 751607                     /usr/local/matlab_R2010a/bin/glnxa64/libmwfl.so
7f152e33b000-7f152e40c000 r-xp 00000000 08:03 751609                     /usr/local/matlab_R2010a/bin/glnxa64/libut.so
7f152e40c000-7f152e60b000 ---p 000d1000 08:03 751609                     /usr/local/matlab_R2010a/bin/glnxa64/libut.so
7f152e60b000-7f152e615000 rw-p 000d0000 08:03 751609                     /usr/local/matlab_R2010a/bin/glnxa64/libut.so
7f152e615000-7f152e62a000 rw-p 7f152e615000 00:00 0 
7f152e62a000-7f152e647000 r-xp 00000000 08:03 905878                     /lib/ld-2.7.so
7f152e647000-7f152e648000 r--s 00000000 08:03 1088979                    /var/cache/fontconfig/c69f04ab05004e31a6d5e715764f16d8-x86-64.cache-2
7f152e648000-7f152e649000 r--s 00000000 08:03 1088968                    /var/cache/fontconfig/4c73fe0c47614734b17d736dbde7580a-x86-64.cache-2
7f152e649000-7f152e64c000 r--s 00000000 08:03 1088949                    /var/cache/fontconfig/de156ccd2eddbdc19d37a45b8b2aac9c-x86-64.cache-2
7f152e64c000-7f152e651000 r--s 0001f000 08:03 729080                     /usr/local/matlab_R2010a/java/jar/toolbox/dastudio.jar
7f152e651000-7f152e65b000 r--s 00050000 08:03 728414                     /usr/local/matlab_R2010a/java/jar/toolbox/control.jar
7f152e65b000-7f152e67e000 r--p 00000000 08:03 728449                     /usr/share/locale-langpack/fr/LC_MESSAGES/libc.mo
7f152e67e000-7f152e680000 r--s 00000000 08:03 1087563                    /var/cache/fontconfig/e13b20fdb08344e0e664864cc2ede53d-x86-64.cache-2
7f152e680000-7f152e681000 r--s 00000000 08:03 1087506                    /var/cache/fontconfig/7ef2298fde41cc6eeb7af42e48b7d293-x86-64.cache-2
7f152e681000-7f152e683000 r--s 00000000 08:03 1087563                    /var/cache/fontconfig/e13b20fdb08344e0e664864cc2ede53d-x86-64.cache-2
7f152e683000-7f152e684000 r--s 00000000 08:03 1087506                    /var/cache/fontconfig/7ef2298fde41cc6eeb7af42e48b7d293-x86-64.cache-2
7f152e684000-7f152e686000 r--s 00008000 08:03 727670                     /usr/local/matlab_R2010a/java/jar/fatalexit.jar
7f152e686000-7f152e68f000 r--s 000ab000 08:03 727669                     /usr/local/matlab_R2010a/java/jar/common.jar
7f152e68f000-7f152e692000 r--s 00011000 08:03 727668                     /usr/local/matlab_R2010a/java/jar/beans.jar
7f152e692000-7f152e696000 r--s 00028000 08:03 727667                     /usr/local/matlab_R2010a/java/jar/bde.jar
7f152e696000-7f152e6a0000 r--s 00059000 08:03 727666                     /usr/local/matlab_R2010a/java/jar/activationclient.jar
7f152e6a0000-7f152e6b8000 rwxp 7f152e6a0000 00:00 0 
7f152e6b8000-7f152e6d0000 rwxp 7f152e6b8000 00:00 0 
7f152e6d0000-7f152e6ed000 rw-p 7f152e6d0000 00:00 0 
7f152e6ed000-7f152e716000 r-xp 00000000 08:03 751698                     /usr/local/matlab_R2010a/bin/glnxa64/libtbb.so.2
7f152e716000-7f152e815000 ---p 00029000 08:03 751698                     /usr/local/matlab_R2010a/bin/glnxa64/libtbb.so.2
7f152e815000-7f152e818000 rw-p 00028000 08:03 751698                     /usr/local/matlab_R2010a/bin/glnxa64/libtbb.so.2
7f152e818000-7f152e81e000 rw-p 7f152e818000 00:00 0 
7f152e81e000-7f152e81f000 r--s 00005000 08:03 728399                     /usr/local/matlab_R2010a/java/jar/timer.jar
7f152e81f000-7f152e822000 r--s 0002f000 08:03 727665                     /usr/local/matlab_R2010a/java/jar/activation.jar
7f152e822000-7f152e827000 r--s 0002f000 08:03 728400                     /usr/local/matlab_R2010a/java/jar/util.jar
7f152e827000-7f152e82f000 rw-s 00000000 08:03 474115                     /tmp/hsperfdata_michael/14883
7f152e82f000-7f152e830000 rwxp 7f152e82f000 00:00 0 
7f152e830000-7f152e831000 ---p 7f152e830000 00:00 0 
7f152e831000-7f152e832000 r--p 00000000 08:03 540085                     /usr/lib/locale/fr_FR.utf8/LC_MONETARY
7f152e832000-7f152e833000 r--p 00000000 08:03 546794                     /usr/lib/locale/fr_FR.utf8/LC_MESSAGES/SYS_LC_MESSAGES
7f152e833000-7f152e834000 r--p 00000000 08:03 539628                     /usr/lib/locale/fr_FR.utf8/LC_PAPER
7f152e834000-7f152e835000 r--p 00000000 08:03 540064                     /usr/lib/locale/fr_FR.utf8/LC_NAME
7f152e835000-7f152e836000 r--p 00000000 08:03 539053                     /usr/lib/locale/fr_FR.utf8/LC_ADDRESS
7f152e836000-7f152e837000 r--p 00000000 08:03 541879                     /usr/lib/locale/fr_FR.utf8/LC_TELEPHONE
7f152e837000-7f152e838000 r--p 00000000 08:03 539624                     /usr/lib/locale/fr_FR.utf8/LC_MEASUREMENT
7f152e838000-7f152e83f000 r--s 00000000 08:03 522596                     /usr/lib/gconv/gconv-modules.cache
7f152e83f000-7f152e840000 r--p 00000000 08:03 541880                     /usr/lib/locale/fr_FR.utf8/LC_IDENTIFICATION
7f152e840000-7f152e847000 rw-p 7f152e840000 00:00 0 
7f152e847000-7f152e849000 rw-p 0001d000 08:03 905878                     /lib/ld-2.7.so
7fff498ce000-7fff498e1000 rwxp 7ffffffe9000 00:00 0                      [stack]
7fff498e1000-7fff498e3000 rw-p 7fffffffd000 00:00 0 
7fff499fe000-7fff49a00000 r-xp 7fff499fe000 00:00 0                      [vdso]
ffffffffff600000-ffffffffff601000 r-xp 00000000 00:00 0                  [vsyscall]

VM Arguments:
jvm_args: -Xms64m -XX:NewRatio=3 -XX:MaxPermSize=128m -Xmx128m -XX:MaxDirectMemorySize=2147400000 -Djava.util.prefs.PreferencesFactory=com.mathworks.util.DisabledPreferencesFactory -XX:+AllowUserSignalHandlers -Xrs -Djava.library.path=/usr/local/matlab_R2010a/bin/glnxa64 vfprintf abort -Dfile.encoding=UTF-8 
java_command: <unknown>
Launcher Type: generic

Environment Variables:
PATH=/home/michael/bin:/usr/local/sbin:/usr/local/bin:/usr/sbin:/usr/bin:/sbin:/bin:/usr/games:/home/programs/bin
LD_LIBRARY_PATH=/usr/local/matlab_R2010a/sys/os/glnxa64:/usr/local/matlab_R2010a/bin/glnxa64:/usr/local/matlab_R2010a/extern/lib/glnxa64:/usr/local/matlab_R2010a/sys/java/jre/glnxa64/jre/lib/amd64/native_threads:/usr/local/matlab_R2010a/sys/java/jre/glnxa64/jre/lib/amd64/server:/usr/local/matlab_R2010a/sys/java/jre/glnxa64/jre/lib/amd64
SHELL=/bin/bash
DISPLAY=:0.0
ARCH=glnxa64

Signal Handlers:
SIGSEGV: [libjvm.so+0x5fcd20], sa_mask[0]=0x7ffbfeff, sa_flags=0x00000004
SIGBUS: [libjvm.so+0x5fcd20], sa_mask[0]=0x7ffbfeff, sa_flags=0x00000004
SIGFPE: [libmwmcr.so+0x4ffd0], sa_mask[0]=0x08080002, sa_flags=0x00000004
SIGPIPE: [libjvm.so+0x4e0eb0], sa_mask[0]=0x08080002, sa_flags=0x00000004, flags was changed from 0x10000004, consider using jsig library
SIGXFSZ: [libjvm.so+0x4e0eb0], sa_mask[0]=0x7ffbfeff, sa_flags=0x10000004
SIGILL: [libmwmcr.so+0x4ffd0], sa_mask[0]=0x08080002, sa_flags=0x00000004
SIGUSR1: SIG_DFL, sa_mask[0]=0x00000000, sa_flags=0x00000000
SIGUSR2: [libjvm.so+0x4e35d0], sa_mask[0]=0x08080002, sa_flags=0x10000004
SIGHUP: SIG_DFL, sa_mask[0]=0x00000000, sa_flags=0x00000000
SIGINT: [libmwmcr.so+0x504f0], sa_mask[0]=0x08080002, sa_flags=0x00000004
SIGTERM: SIG_DFL, sa_mask[0]=0x00000000, sa_flags=0x00000000
SIGQUIT: [libmwmcr.so+0x4ffd0], sa_mask[0]=0x08080002, sa_flags=0x00000004


---------------  S Y S T E M  ---------------

OS:lenny/sid

uname:Linux 2.6.24-29-generic #1 SMP Tue Oct 11 15:24:45 UTC 2011 x86_64
libc:glibc 2.7 NPTL 2.7 
rlimit: STACK 8192k, CORE 0k, NPROC 73216, NOFILE 1024, AS infinity
load average:1.50 1.67 1.27

CPU:total 4 (4 cores per cpu, 1 threads per core) family 6 model 15 stepping 11, cmov, cx8, fxsr, mmx, sse, sse2, sse3, ssse3

Memory: 4k page, physical 8121404k(1842136k free), swap 995988k(995988k free)

vm_info: Java HotSpot(TM) 64-Bit Server VM (11.2-b01) for linux-amd64 JRE (1.6.0_12-b04), built on Jan 17 2009 01:04:06 by "java_re" with gcc 3.2.2 (SuSE Linux)

