This is e-TeX, Version 3.141592-2.2 (MiKTeX 2.4) (preloaded format=latex 2006.6.30)  14 AUG 2008 16:17
entering extended mode
**FAnalyze_Manual.tex
(FAnalyze_Manual.tex
LaTeX2e <2005/12/01>
Babel <v3.8g> and hyphenation patterns for english, dumylang, nohyphenation, ge
rman, ngerman, french, loaded.
(C:\texmf\tex\latex\base\article.cls
Document Class: article 2005/09/16 v1.4f Standard LaTeX document class
(C:\texmf\tex\latex\base\size11.clo
File: size11.clo 2005/09/16 v1.4f Standard LaTeX file (size option)
)
\c@part=\count79
\c@section=\count80
\c@subsection=\count81
\c@subsubsection=\count82
\c@paragraph=\count83
\c@subparagraph=\count84
\c@figure=\count85
\c@table=\count86
\abovecaptionskip=\skip41
\belowcaptionskip=\skip42
\bibindent=\dimen102
) (C:\texmf\tex\latex\amsmath\amsmath.sty
Package: amsmath 2000/07/18 v2.13 AMS math features
\@mathmargin=\skip43

For additional information on amsmath, use the `?' option.
(C:\texmf\tex\latex\amsmath\amstext.sty
Package: amstext 2000/06/29 v2.01
 (C:\texmf\tex\latex\amsmath\amsgen.sty
File: amsgen.sty 1999/11/30 v2.0
\@emptytoks=\toks14
\ex@=\dimen103
)) (C:\texmf\tex\latex\amsmath\amsbsy.sty
Package: amsbsy 1999/11/29 v1.2d
\pmbraise@=\dimen104
)
(C:\texmf\tex\latex\amsmath\amsopn.sty
Package: amsopn 1999/12/14 v2.01 operator names
)
\inf@bad=\count87
LaTeX Info: Redefining \frac on input line 211.
\uproot@=\count88
\leftroot@=\count89
LaTeX Info: Redefining \overline on input line 307.
\classnum@=\count90
\DOTSCASE@=\count91
LaTeX Info: Redefining \ldots on input line 379.
LaTeX Info: Redefining \dots on input line 382.
LaTeX Info: Redefining \cdots on input line 467.
\Mathstrutbox@=\box26
\strutbox@=\box27
\big@size=\dimen105
LaTeX Font Info:    Redeclaring font encoding OML on input line 567.
LaTeX Font Info:    Redeclaring font encoding OMS on input line 568.
\macc@depth=\count92
\c@MaxMatrixCols=\count93
\dotsspace@=\muskip10
\c@parentequation=\count94
\dspbrk@lvl=\count95
\tag@help=\toks15
\row@=\count96
\column@=\count97
\maxfields@=\count98
\andhelp@=\toks16
\eqnshift@=\dimen106
\alignsep@=\dimen107
\tagshift@=\dimen108
\tagwidth@=\dimen109
\totwidth@=\dimen110
\lineht@=\dimen111
\@envbody=\toks17
\multlinegap=\skip44
\multlinetaggap=\skip45
\mathdisplay@stack=\toks18
LaTeX Info: Redefining \[ on input line 2666.
LaTeX Info: Redefining \] on input line 2667.
)
(C:\texmf\tex\latex\graphics\graphicx.sty
Package: graphicx 1999/02/16 v1.0f Enhanced LaTeX Graphics (DPC,SPQR)

(C:\texmf\tex\latex\graphics\keyval.sty
Package: keyval 1999/03/16 v1.13 key=value parser (DPC)
\KV@toks@=\toks19
)
(C:\texmf\tex\latex\graphics\graphics.sty
Package: graphics 2006/02/20 v1.0o Standard LaTeX Graphics (DPC,SPQR)
 (C:\texmf\tex\latex\graphics\trig.sty
Package: trig 1999/03/16 v1.09 sin cos tan (DPC)
) (C:\texmf\tex\latex\00miktex\graphics.cfg
File: graphics.cfg 2005/12/29 v1.2 MiKTeX 'graphics' configuration
)
Package graphics Info: Driver file: dvips.def on input line 90.

(C:\texmf\tex\latex\graphics\dvips.def
File: dvips.def 1999/02/16 v3.0i Driver-dependant file (DPC,SPQR)
))
\Gin@req@height=\dimen112
\Gin@req@width=\dimen113
)
(C:\texmf\tex\latex\geometry\geometry.sty
Package: geometry 2002/07/08 v3.2 Page Geometry
\Gm@cnth=\count99
\Gm@cntv=\count100
\c@Gm@tempcnt=\count101
\Gm@bindingoffset=\dimen114
\Gm@wd@mp=\dimen115
\Gm@odd@mp=\dimen116
\Gm@even@mp=\dimen117
\Gm@dimlist=\toks20

(C:\texmf\tex\latex\geometry\geometry.cfg))
(C:\texmf\tex\latex\booktabs\booktabs.sty
Package: booktabs 2005/04/14 v1.61803 publication quality tables
\heavyrulewidth=\dimen118
\lightrulewidth=\dimen119
\cmidrulewidth=\dimen120
\belowrulesep=\dimen121
\belowbottomsep=\dimen122
\aboverulesep=\dimen123
\abovetopsep=\dimen124
\cmidrulesep=\dimen125
\cmidrulekern=\dimen126
\defaultaddspace=\dimen127
\@cmidla=\count102
\@cmidlb=\count103
\@aboverulesep=\dimen128
\@belowrulesep=\dimen129
\@thisruleclass=\count104
\@lastruleclass=\count105
\@thisrulewidth=\dimen130
)
(C:\texmf\tex\latex\tools\tabularx.sty
Package: tabularx 1999/01/07 v2.07 `tabularx' package (DPC)
 (C:\texmf\tex\latex\tools\array.sty
Package: array 2005/08/23 v2.4b Tabular extension package (FMi)
\col@sep=\dimen131
\extrarowheight=\dimen132
\NC@list=\toks21
\extratabsurround=\skip46
\backup@length=\skip47
)
\TX@col@width=\dimen133
\TX@old@table=\dimen134
\TX@old@col=\dimen135
\TX@target=\dimen136
\TX@delta=\dimen137
\TX@cols=\count106
\TX@ftn=\toks22
)
(C:\texmf\tex\latex\tools\longtable.sty
Package: longtable 2004/02/01 v4.11 Multi-page Table package (DPC)
\LTleft=\skip48
\LTright=\skip49
\LTpre=\skip50
\LTpost=\skip51
\LTchunksize=\count107
\LTcapwidth=\dimen138
\LT@head=\box28
\LT@firsthead=\box29
\LT@foot=\box30
\LT@lastfoot=\box31
\LT@cols=\count108
\LT@rows=\count109
\c@LT@tables=\count110
\c@LT@chunks=\count111
\LT@p@ftn=\toks23
) (FAnalyze_Manual.aux)
LaTeX Font Info:    Checking defaults for OML/cmm/m/it on input line 15.
LaTeX Font Info:    ... okay on input line 15.
LaTeX Font Info:    Checking defaults for T1/cmr/m/n on input line 15.
LaTeX Font Info:    ... okay on input line 15.
LaTeX Font Info:    Checking defaults for OT1/cmr/m/n on input line 15.
LaTeX Font Info:    ... okay on input line 15.
LaTeX Font Info:    Checking defaults for OMS/cmsy/m/n on input line 15.
LaTeX Font Info:    ... okay on input line 15.
LaTeX Font Info:    Checking defaults for OMX/cmex/m/n on input line 15.
LaTeX Font Info:    ... okay on input line 15.
LaTeX Font Info:    Checking defaults for U/cmr/m/n on input line 15.
LaTeX Font Info:    ... okay on input line 15.
-------------------- Geometry parameters
paper: letterpaper
landscape: --
twocolumn: --
twoside: --
asymmetric: --
h-parts: 108.405pt, 397.485pt, 108.405pt
v-parts: 90.3375pt, 614.295pt, 90.3375pt
hmarginratio: --
vmarginratio: --
lines: --
heightrounded: --
bindingoffset: 0.0pt
truedimen: --
includehead: --
includefoot: --
includemp: --
driver: 
-------------------- Page layout dimensions and switches
\paperwidth  614.295pt
\paperheight 794.96999pt
\textwidth  397.485pt
\textheight 614.295pt
\oddsidemargin  36.13501pt
\evensidemargin 36.13501pt
\topmargin  -18.9325pt
\headheight 12.0pt
\headsep    25.0pt
\footskip   30.0pt
\marginparwidth 59.0pt
\marginparsep   10.0pt
\columnsep  10.0pt
\skip\footins  10.0pt plus 4.0pt minus 2.0pt
\hoffset 0.0pt
\voffset 0.0pt
\mag 1000

(1in=72.27pt, 1cm=28.45pt)
-----------------------
 [1

]
File: GUI.jpg Graphic file (type eps)
 <GUI.jpg>
Overfull \hbox (39.54582pt too wide) in paragraph at lines 62--64
 [] 
 []

[2] [3] [4]
LaTeX Font Info:    Try loading font information for OMS+cmtt on input line 168
.
LaTeX Font Info:    No file OMScmtt.fd. on input line 168.


LaTeX Font Warning: Font shape `OMS/cmtt/m/n' undefined
(Font)              using `OMS/cmsy/m/n' instead
(Font)              for symbol `textbraceleft' on input line 168.

[5]
Underfull \hbox (badness 10000) in paragraph at lines 229--233

 []

[6]
Overfull \hbox (16.42052pt too wide) in paragraph at lines 255--255
[]             \OT1/cmtt/m/n/10.95 t: {[1x1 struct]  [1x1 struct]  [1x1 struct]
  [1x1 struct]}[] 
 []


Overfull \hbox (16.42052pt too wide) in paragraph at lines 255--255
[]             \OT1/cmtt/m/n/10.95 x: {[1x1 struct]  [1x1 struct]  [1x1 struct]
  [1x1 struct]}[] 
 []


Overfull \hbox (16.42052pt too wide) in paragraph at lines 255--255
[]             \OT1/cmtt/m/n/10.95 y: {[1x1 struct]  [1x1 struct]  [1x1 struct]
  [1x1 struct]}[] 
 []


Overfull \hbox (16.42052pt too wide) in paragraph at lines 255--255
[]             \OT1/cmtt/m/n/10.95 r: {[1x1 struct]  [1x1 struct]  [1x1 struct]
  [1x1 struct]}[] 
 []


Overfull \hbox (16.42052pt too wide) in paragraph at lines 255--255
[]         \OT1/cmtt/m/n/10.95 theta: {[1x1 struct]  [1x1 struct]  [1x1 struct]
  [1x1 struct]}[] 
 []


Overfull \hbox (16.42052pt too wide) in paragraph at lines 255--255
[]            \OT1/cmtt/m/n/10.95 vx: {[1x1 struct]  [1x1 struct]  [1x1 struct]
  [1x1 struct]}[] 
 []


Overfull \hbox (16.42052pt too wide) in paragraph at lines 255--255
[]            \OT1/cmtt/m/n/10.95 vy: {[1x1 struct]  [1x1 struct]  [1x1 struct]
  [1x1 struct]}[] 
 []


Overfull \hbox (16.42052pt too wide) in paragraph at lines 255--255
[]             \OT1/cmtt/m/n/10.95 v: {[1x1 struct]  [1x1 struct]  [1x1 struct]
  [1x1 struct]}[] 
 []


Overfull \hbox (16.42052pt too wide) in paragraph at lines 255--255
[]        \OT1/cmtt/m/n/10.95 vtheta: {[1x1 struct]  [1x1 struct]  [1x1 struct]
  [1x1 struct]}[] 
 []


Overfull \hbox (16.42052pt too wide) in paragraph at lines 255--255
[]           \OT1/cmtt/m/n/10.95 tau: {[1x1 struct]  [1x1 struct]  [1x1 struct]
  [1x1 struct]}[] 
 []


Overfull \hbox (16.42052pt too wide) in paragraph at lines 255--255
[]         \OT1/cmtt/m/n/10.95 kappa: {[1x1 struct]  [1x1 struct]  [1x1 struct]
  [1x1 struct]}[] 
 []

[7]
Underfull \hbox (badness 10000) in paragraph at lines 297--305

 []


Underfull \hbox (badness 10000) in paragraph at lines 310--311

 []


Underfull \hbox (badness 10000) in paragraph at lines 312--325

 []

[8]
Underfull \hbox (badness 1077) in paragraph at lines 336--339
[]\OT1/cmr/m/n/10.95 Valente, D., Golani, I., and P.P. Mi-tra, ``Anal-y-sis of 
the tra-jec-tory of
 []

[9] (FAnalyze_Manual.aux)

LaTeX Font Warning: Some font shapes were not available, defaults substituted.

 ) 
Here is how much of TeX's memory you used:
 1805 strings out of 95889
 20185 string characters out of 1195257
 76510 words of memory out of 1076627
 4795 multiletter control sequences out of 60000
 12375 words of font info for 45 fonts, out of 1000000 for 2000
 14 hyphenation exceptions out of 4999
 27i,8n,21p,308b,221s stack positions out of 5000i,500n,10000p,200000b,32768s

Output written on FAnalyze_Manual.dvi (9 pages, 27396 bytes).
